{"/home/runner/work/neurobuildtech/neurobuildtech/backend/services/api/src/controllers/dataController.js": {"path":"/home/runner/work/neurobuildtech/neurobuildtech/backend/services/api/src/controllers/dataController.js","statementMap":{"0":{"start":{"line":1,"column":23},"end":{"line":1,"column":38}},"1":{"start":{"line":2,"column":35},"end":{"line":2,"column":72}},"2":{"start":{"line":5,"column":19},"end":{"line":5,"column":21}},"3":{"start":{"line":10,"column":24},"end":{"line":55,"column":2}},"4":{"start":{"line":11,"column":59},"end":{"line":11,"column":68}},"5":{"start":{"line":12,"column":34},"end":{"line":12,"column":48}},"6":{"start":{"line":14,"column":21},"end":{"line":14,"column":36}},"7":{"start":{"line":17,"column":2},"end":{"line":19,"column":3}},"8":{"start":{"line":18,"column":4},"end":{"line":18,"column":71}},"9":{"start":{"line":18,"column":44},"end":{"line":18,"column":69}},"10":{"start":{"line":20,"column":2},"end":{"line":24,"column":3}},"11":{"start":{"line":21,"column":4},"end":{"line":23,"column":6}},"12":{"start":{"line":22,"column":6},"end":{"line":22,"column":57}},"13":{"start":{"line":22,"column":27},"end":{"line":22,"column":56}},"14":{"start":{"line":25,"column":2},"end":{"line":29,"column":3}},"15":{"start":{"line":26,"column":4},"end":{"line":28,"column":6}},"16":{"start":{"line":27,"column":6},"end":{"line":27,"column":51}},"17":{"start":{"line":30,"column":2},"end":{"line":34,"column":3}},"18":{"start":{"line":31,"column":4},"end":{"line":33,"column":6}},"19":{"start":{"line":32,"column":6},"end":{"line":32,"column":49}},"20":{"start":{"line":37,"column":2},"end":{"line":37,"column":77}},"21":{"start":{"line":37,"column":30},"end":{"line":37,"column":75}},"22":{"start":{"line":40,"column":16},"end":{"line":40,"column":35}},"23":{"start":{"line":41,"column":24},"end":{"line":41,"column":66}},"24":{"start":{"line":43,"column":2},"end":{"line":54,"column":5}},"25":{"start":{"line":60,"column":22},"end":{"line":97,"column":2}},"26":{"start":{"line":61,"column":17},"end":{"line":61,"column":27}},"27":{"start":{"line":62,"column":35},"end":{"line":62,"column":44}},"28":{"start":{"line":63,"column":34},"end":{"line":63,"column":48}},"29":{"start":{"line":65,"column":19},"end":{"line":65,"column":61}},"30":{"start":{"line":65,"column":42},"end":{"line":65,"column":60}},"31":{"start":{"line":67,"column":2},"end":{"line":71,"column":3}},"32":{"start":{"line":68,"column":4},"end":{"line":70,"column":6}},"33":{"start":{"line":69,"column":6},"end":{"line":69,"column":51}},"34":{"start":{"line":72,"column":2},"end":{"line":76,"column":3}},"35":{"start":{"line":73,"column":4},"end":{"line":75,"column":6}},"36":{"start":{"line":74,"column":6},"end":{"line":74,"column":49}},"37":{"start":{"line":79,"column":2},"end":{"line":79,"column":75}},"38":{"start":{"line":79,"column":28},"end":{"line":79,"column":73}},"39":{"start":{"line":81,"column":16},"end":{"line":81,"column":33}},"40":{"start":{"line":82,"column":24},"end":{"line":82,"column":64}},"41":{"start":{"line":84,"column":2},"end":{"line":96,"column":5}},"42":{"start":{"line":102,"column":26},"end":{"line":155,"column":2}},"43":{"start":{"line":103,"column":19},"end":{"line":103,"column":29}},"44":{"start":{"line":104,"column":35},"end":{"line":104,"column":44}},"45":{"start":{"line":105,"column":34},"end":{"line":105,"column":48}},"46":{"start":{"line":108,"column":21},"end":{"line":108,"column":47}},"47":{"start":{"line":109,"column":2},"end":{"line":112,"column":3}},"48":{"start":{"line":110,"column":4},"end":{"line":111,"column":71}},"49":{"start":{"line":114,"column":21},"end":{"line":116,"column":3}},"50":{"start":{"line":115,"column":4},"end":{"line":115,"column":48}},"51":{"start":{"line":115,"column":25},"end":{"line":115,"column":47}},"52":{"start":{"line":118,"column":2},"end":{"line":122,"column":3}},"53":{"start":{"line":119,"column":4},"end":{"line":121,"column":6}},"54":{"start":{"line":120,"column":6},"end":{"line":120,"column":51}},"55":{"start":{"line":123,"column":2},"end":{"line":127,"column":3}},"56":{"start":{"line":124,"column":4},"end":{"line":126,"column":6}},"57":{"start":{"line":125,"column":6},"end":{"line":125,"column":49}},"58":{"start":{"line":130,"column":27},"end":{"line":134,"column":5}},"59":{"start":{"line":130,"column":50},"end":{"line":134,"column":3}},"60":{"start":{"line":133,"column":37},"end":{"line":133,"column":59}},"61":{"start":{"line":137,"column":2},"end":{"line":137,"column":81}},"62":{"start":{"line":137,"column":34},"end":{"line":137,"column":79}},"63":{"start":{"line":139,"column":16},"end":{"line":139,"column":39}},"64":{"start":{"line":140,"column":24},"end":{"line":140,"column":70}},"65":{"start":{"line":142,"column":2},"end":{"line":154,"column":5}},"66":{"start":{"line":160,"column":26},"end":{"line":201,"column":2}},"67":{"start":{"line":161,"column":72},"end":{"line":161,"column":81}},"68":{"start":{"line":163,"column":2},"end":{"line":166,"column":3}},"69":{"start":{"line":164,"column":4},"end":{"line":165,"column":64}},"70":{"start":{"line":168,"column":21},"end":{"line":168,"column":36}},"71":{"start":{"line":170,"column":2},"end":{"line":172,"column":3}},"72":{"start":{"line":171,"column":4},"end":{"line":171,"column":71}},"73":{"start":{"line":171,"column":44},"end":{"line":171,"column":69}},"74":{"start":{"line":173,"column":2},"end":{"line":177,"column":3}},"75":{"start":{"line":174,"column":4},"end":{"line":176,"column":6}},"76":{"start":{"line":175,"column":6},"end":{"line":175,"column":57}},"77":{"start":{"line":175,"column":27},"end":{"line":175,"column":56}},"78":{"start":{"line":178,"column":2},"end":{"line":181,"column":5}},"79":{"start":{"line":179,"column":22},"end":{"line":179,"column":43}},"80":{"start":{"line":180,"column":4},"end":{"line":180,"column":80}},"81":{"start":{"line":184,"column":27},"end":{"line":195,"column":3}},"82":{"start":{"line":197,"column":2},"end":{"line":200,"column":5}},"83":{"start":{"line":206,"column":26},"end":{"line":228,"column":2}},"84":{"start":{"line":208,"column":25},"end":{"line":208,"column":34}},"85":{"start":{"line":210,"column":2},"end":{"line":215,"column":5}},"86":{"start":{"line":211,"column":21},"end":{"line":211,"column":58}},"87":{"start":{"line":212,"column":4},"end":{"line":214,"column":5}},"88":{"start":{"line":213,"column":6},"end":{"line":213,"column":53}},"89":{"start":{"line":217,"column":25},"end":{"line":218,"column":66}},"90":{"start":{"line":218,"column":20},"end":{"line":218,"column":65}},"91":{"start":{"line":220,"column":2},"end":{"line":227,"column":5}},"92":{"start":{"line":233,"column":25},"end":{"line":266,"column":2}},"93":{"start":{"line":234,"column":45},"end":{"line":234,"column":53}},"94":{"start":{"line":238,"column":2},"end":{"line":241,"column":3}},"95":{"start":{"line":239,"column":4},"end":{"line":240,"column":48}},"96":{"start":{"line":243,"column":20},"end":{"line":249,"column":3}},"97":{"start":{"line":251,"column":2},"end":{"line":251,"column":29}},"98":{"start":{"line":254,"column":2},"end":{"line":256,"column":3}},"99":{"start":{"line":255,"column":4},"end":{"line":255,"column":23}},"100":{"start":{"line":258,"column":2},"end":{"line":265,"column":5}},"101":{"start":{"line":268,"column":0},"end":{"line":275,"column":2}}},"fnMap":{"0":{"name":"(anonymous_0)","decl":{"start":{"line":10,"column":37},"end":{"line":10,"column":38}},"loc":{"start":{"line":10,"column":57},"end":{"line":55,"column":1}},"line":10},"1":{"name":"(anonymous_1)","decl":{"start":{"line":18,"column":39},"end":{"line":18,"column":40}},"loc":{"start":{"line":18,"column":44},"end":{"line":18,"column":69}},"line":18},"2":{"name":"(anonymous_2)","decl":{"start":{"line":21,"column":39},"end":{"line":21,"column":40}},"loc":{"start":{"line":22,"column":6},"end":{"line":22,"column":57}},"line":22},"3":{"name":"(anonymous_3)","decl":{"start":{"line":22,"column":22},"end":{"line":22,"column":23}},"loc":{"start":{"line":22,"column":27},"end":{"line":22,"column":56}},"line":22},"4":{"name":"(anonymous_4)","decl":{"start":{"line":26,"column":39},"end":{"line":26,"column":40}},"loc":{"start":{"line":27,"column":6},"end":{"line":27,"column":51}},"line":27},"5":{"name":"(anonymous_5)","decl":{"start":{"line":31,"column":39},"end":{"line":31,"column":40}},"loc":{"start":{"line":32,"column":6},"end":{"line":32,"column":49}},"line":32},"6":{"name":"(anonymous_6)","decl":{"start":{"line":37,"column":20},"end":{"line":37,"column":21}},"loc":{"start":{"line":37,"column":30},"end":{"line":37,"column":75}},"line":37},"7":{"name":"(anonymous_7)","decl":{"start":{"line":60,"column":35},"end":{"line":60,"column":36}},"loc":{"start":{"line":60,"column":55},"end":{"line":97,"column":1}},"line":60},"8":{"name":"(anonymous_8)","decl":{"start":{"line":65,"column":37},"end":{"line":65,"column":38}},"loc":{"start":{"line":65,"column":42},"end":{"line":65,"column":60}},"line":65},"9":{"name":"(anonymous_9)","decl":{"start":{"line":68,"column":35},"end":{"line":68,"column":36}},"loc":{"start":{"line":69,"column":6},"end":{"line":69,"column":51}},"line":69},"10":{"name":"(anonymous_10)","decl":{"start":{"line":73,"column":35},"end":{"line":73,"column":36}},"loc":{"start":{"line":74,"column":6},"end":{"line":74,"column":49}},"line":74},"11":{"name":"(anonymous_11)","decl":{"start":{"line":79,"column":18},"end":{"line":79,"column":19}},"loc":{"start":{"line":79,"column":28},"end":{"line":79,"column":73}},"line":79},"12":{"name":"(anonymous_12)","decl":{"start":{"line":102,"column":39},"end":{"line":102,"column":40}},"loc":{"start":{"line":102,"column":59},"end":{"line":155,"column":1}},"line":102},"13":{"name":"(anonymous_13)","decl":{"start":{"line":114,"column":39},"end":{"line":114,"column":40}},"loc":{"start":{"line":115,"column":4},"end":{"line":115,"column":48}},"line":115},"14":{"name":"(anonymous_14)","decl":{"start":{"line":115,"column":20},"end":{"line":115,"column":21}},"loc":{"start":{"line":115,"column":25},"end":{"line":115,"column":47}},"line":115},"15":{"name":"(anonymous_15)","decl":{"start":{"line":119,"column":39},"end":{"line":119,"column":40}},"loc":{"start":{"line":120,"column":6},"end":{"line":120,"column":51}},"line":120},"16":{"name":"(anonymous_16)","decl":{"start":{"line":124,"column":39},"end":{"line":124,"column":40}},"loc":{"start":{"line":125,"column":6},"end":{"line":125,"column":49}},"line":125},"17":{"name":"(anonymous_17)","decl":{"start":{"line":130,"column":44},"end":{"line":130,"column":45}},"loc":{"start":{"line":130,"column":50},"end":{"line":134,"column":3}},"line":130},"18":{"name":"(anonymous_18)","decl":{"start":{"line":133,"column":32},"end":{"line":133,"column":33}},"loc":{"start":{"line":133,"column":37},"end":{"line":133,"column":59}},"line":133},"19":{"name":"(anonymous_19)","decl":{"start":{"line":137,"column":24},"end":{"line":137,"column":25}},"loc":{"start":{"line":137,"column":34},"end":{"line":137,"column":79}},"line":137},"20":{"name":"(anonymous_20)","decl":{"start":{"line":160,"column":39},"end":{"line":160,"column":40}},"loc":{"start":{"line":160,"column":59},"end":{"line":201,"column":1}},"line":160},"21":{"name":"(anonymous_21)","decl":{"start":{"line":171,"column":39},"end":{"line":171,"column":40}},"loc":{"start":{"line":171,"column":44},"end":{"line":171,"column":69}},"line":171},"22":{"name":"(anonymous_22)","decl":{"start":{"line":174,"column":39},"end":{"line":174,"column":40}},"loc":{"start":{"line":175,"column":6},"end":{"line":175,"column":57}},"line":175},"23":{"name":"(anonymous_23)","decl":{"start":{"line":175,"column":22},"end":{"line":175,"column":23}},"loc":{"start":{"line":175,"column":27},"end":{"line":175,"column":56}},"line":175},"24":{"name":"(anonymous_24)","decl":{"start":{"line":178,"column":37},"end":{"line":178,"column":38}},"loc":{"start":{"line":178,"column":42},"end":{"line":181,"column":3}},"line":178},"25":{"name":"(anonymous_25)","decl":{"start":{"line":206,"column":39},"end":{"line":206,"column":40}},"loc":{"start":{"line":206,"column":59},"end":{"line":228,"column":1}},"line":206},"26":{"name":"(anonymous_26)","decl":{"start":{"line":210,"column":21},"end":{"line":210,"column":22}},"loc":{"start":{"line":210,"column":32},"end":{"line":215,"column":3}},"line":210},"27":{"name":"(anonymous_27)","decl":{"start":{"line":218,"column":10},"end":{"line":218,"column":11}},"loc":{"start":{"line":218,"column":20},"end":{"line":218,"column":65}},"line":218},"28":{"name":"(anonymous_28)","decl":{"start":{"line":233,"column":38},"end":{"line":233,"column":39}},"loc":{"start":{"line":233,"column":58},"end":{"line":266,"column":1}},"line":233}},"branchMap":{"0":{"loc":{"start":{"line":17,"column":2},"end":{"line":19,"column":3}},"type":"if","locations":[{"start":{"line":17,"column":2},"end":{"line":19,"column":3}},{"start":{},"end":{}}],"line":17},"1":{"loc":{"start":{"line":20,"column":2},"end":{"line":24,"column":3}},"type":"if","locations":[{"start":{"line":20,"column":2},"end":{"line":24,"column":3}},{"start":{},"end":{}}],"line":20},"2":{"loc":{"start":{"line":25,"column":2},"end":{"line":29,"column":3}},"type":"if","locations":[{"start":{"line":25,"column":2},"end":{"line":29,"column":3}},{"start":{},"end":{}}],"line":25},"3":{"loc":{"start":{"line":30,"column":2},"end":{"line":34,"column":3}},"type":"if","locations":[{"start":{"line":30,"column":2},"end":{"line":34,"column":3}},{"start":{},"end":{}}],"line":30},"4":{"loc":{"start":{"line":67,"column":2},"end":{"line":71,"column":3}},"type":"if","locations":[{"start":{"line":67,"column":2},"end":{"line":71,"column":3}},{"start":{},"end":{}}],"line":67},"5":{"loc":{"start":{"line":72,"column":2},"end":{"line":76,"column":3}},"type":"if","locations":[{"start":{"line":72,"column":2},"end":{"line":76,"column":3}},{"start":{},"end":{}}],"line":72},"6":{"loc":{"start":{"line":109,"column":2},"end":{"line":112,"column":3}},"type":"if","locations":[{"start":{"line":109,"column":2},"end":{"line":112,"column":3}},{"start":{},"end":{}}],"line":109},"7":{"loc":{"start":{"line":118,"column":2},"end":{"line":122,"column":3}},"type":"if","locations":[{"start":{"line":118,"column":2},"end":{"line":122,"column":3}},{"start":{},"end":{}}],"line":118},"8":{"loc":{"start":{"line":123,"column":2},"end":{"line":127,"column":3}},"type":"if","locations":[{"start":{"line":123,"column":2},"end":{"line":127,"column":3}},{"start":{},"end":{}}],"line":123},"9":{"loc":{"start":{"line":163,"column":2},"end":{"line":166,"column":3}},"type":"if","locations":[{"start":{"line":163,"column":2},"end":{"line":166,"column":3}},{"start":{},"end":{}}],"line":163},"10":{"loc":{"start":{"line":163,"column":6},"end":{"line":163,"column":46}},"type":"binary-expr","locations":[{"start":{"line":163,"column":6},"end":{"line":163,"column":18}},{"start":{"line":163,"column":22},"end":{"line":163,"column":33}},{"start":{"line":163,"column":37},"end":{"line":163,"column":46}}],"line":163},"11":{"loc":{"start":{"line":170,"column":2},"end":{"line":172,"column":3}},"type":"if","locations":[{"start":{"line":170,"column":2},"end":{"line":172,"column":3}},{"start":{},"end":{}}],"line":170},"12":{"loc":{"start":{"line":173,"column":2},"end":{"line":177,"column":3}},"type":"if","locations":[{"start":{"line":173,"column":2},"end":{"line":177,"column":3}},{"start":{},"end":{}}],"line":173},"13":{"loc":{"start":{"line":180,"column":11},"end":{"line":180,"column":79}},"type":"binary-expr","locations":[{"start":{"line":180,"column":11},"end":{"line":180,"column":44}},{"start":{"line":180,"column":48},"end":{"line":180,"column":79}}],"line":180},"14":{"loc":{"start":{"line":212,"column":4},"end":{"line":214,"column":5}},"type":"if","locations":[{"start":{"line":212,"column":4},"end":{"line":214,"column":5}},{"start":{},"end":{}}],"line":212},"15":{"loc":{"start":{"line":212,"column":8},"end":{"line":212,"column":79}},"type":"binary-expr","locations":[{"start":{"line":212,"column":8},"end":{"line":212,"column":17}},{"start":{"line":212,"column":21},"end":{"line":212,"column":79}}],"line":212},"16":{"loc":{"start":{"line":238,"column":2},"end":{"line":241,"column":3}},"type":"if","locations":[{"start":{"line":238,"column":2},"end":{"line":241,"column":3}},{"start":{},"end":{}}],"line":238},"17":{"loc":{"start":{"line":238,"column":6},"end":{"line":238,"column":90}},"type":"binary-expr","locations":[{"start":{"line":238,"column":6},"end":{"line":238,"column":32}},{"start":{"line":238,"column":36},"end":{"line":238,"column":54}},{"start":{"line":238,"column":58},"end":{"line":238,"column":90}}],"line":238},"18":{"loc":{"start":{"line":246,"column":15},"end":{"line":246,"column":52}},"type":"binary-expr","locations":[{"start":{"line":246,"column":15},"end":{"line":246,"column":24}},{"start":{"line":246,"column":28},"end":{"line":246,"column":52}}],"line":246},"19":{"loc":{"start":{"line":254,"column":2},"end":{"line":256,"column":3}},"type":"if","locations":[{"start":{"line":254,"column":2},"end":{"line":256,"column":3}},{"start":{},"end":{}}],"line":254}},"s":{"0":2,"1":2,"2":2,"3":2,"4":1,"5":1,"6":1,"7":1,"8":1,"9":1,"10":1,"11":0,"12":0,"13":0,"14":1,"15":0,"16":0,"17":1,"18":0,"19":0,"20":1,"21":0,"22":1,"23":1,"24":1,"25":2,"26":0,"27":0,"28":0,"29":0,"30":0,"31":0,"32":0,"33":0,"34":0,"35":0,"36":0,"37":0,"38":0,"39":0,"40":0,"41":0,"42":2,"43":0,"44":0,"45":0,"46":0,"47":0,"48":0,"49":0,"50":0,"51":0,"52":0,"53":0,"54":0,"55":0,"56":0,"57":0,"58":0,"59":0,"60":0,"61":0,"62":0,"63":0,"64":0,"65":0,"66":2,"67":0,"68":0,"69":0,"70":0,"71":0,"72":0,"73":0,"74":0,"75":0,"76":0,"77":0,"78":0,"79":0,"80":0,"81":0,"82":0,"83":2,"84":1,"85":1,"86":1,"87":1,"88":1,"89":1,"90":0,"91":1,"92":2,"93":1,"94":1,"95":0,"96":1,"97":1,"98":1,"99":0,"100":1,"101":2},"f":{"0":1,"1":1,"2":0,"3":0,"4":0,"5":0,"6":0,"7":0,"8":0,"9":0,"10":0,"11":0,"12":0,"13":0,"14":0,"15":0,"16":0,"17":0,"18":0,"19":0,"20":0,"21":0,"22":0,"23":0,"24":0,"25":1,"26":1,"27":0,"28":1},"b":{"0":[1,0],"1":[0,1],"2":[0,1],"3":[0,1],"4":[0,0],"5":[0,0],"6":[0,0],"7":[0,0],"8":[0,0],"9":[0,0],"10":[0,0,0],"11":[0,0],"12":[0,0],"13":[0,0],"14":[1,0],"15":[1,0],"16":[0,1],"17":[1,1,0],"18":[1,1],"19":[0,1]},"_coverageSchema":"1a1c01bbd47fc00a2c39e90264f33305004495a9","hash":"c91a845465dd9bd03730bf856086f456508f48df"}
,"/home/runner/work/neurobuildtech/neurobuildtech/backend/services/api/src/controllers/deviceController.js": {"path":"/home/runner/work/neurobuildtech/neurobuildtech/backend/services/api/src/controllers/deviceController.js","statementMap":{"0":{"start":{"line":1,"column":23},"end":{"line":1,"column":38}},"1":{"start":{"line":2,"column":35},"end":{"line":2,"column":72}},"2":{"start":{"line":5,"column":16},"end":{"line":5,"column":25}},"3":{"start":{"line":10,"column":20},"end":{"line":49,"column":2}},"4":{"start":{"line":11,"column":37},"end":{"line":11,"column":46}},"5":{"start":{"line":12,"column":34},"end":{"line":12,"column":48}},"6":{"start":{"line":14,"column":24},"end":{"line":14,"column":52}},"7":{"start":{"line":17,"column":2},"end":{"line":19,"column":3}},"8":{"start":{"line":18,"column":4},"end":{"line":18,"column":71}},"9":{"start":{"line":18,"column":50},"end":{"line":18,"column":69}},"10":{"start":{"line":20,"column":2},"end":{"line":22,"column":3}},"11":{"start":{"line":21,"column":4},"end":{"line":21,"column":67}},"12":{"start":{"line":21,"column":50},"end":{"line":21,"column":65}},"13":{"start":{"line":23,"column":2},"end":{"line":31,"column":3}},"14":{"start":{"line":24,"column":4},"end":{"line":30,"column":6}},"15":{"start":{"line":25,"column":6},"end":{"line":29,"column":7}},"16":{"start":{"line":34,"column":16},"end":{"line":34,"column":38}},"17":{"start":{"line":35,"column":27},"end":{"line":35,"column":72}},"18":{"start":{"line":37,"column":2},"end":{"line":48,"column":5}},"19":{"start":{"line":54,"column":23},"end":{"line":86,"column":2}},"20":{"start":{"line":55,"column":19},"end":{"line":55,"column":27}},"21":{"start":{"line":56,"column":17},"end":{"line":56,"column":55}},"22":{"start":{"line":58,"column":17},"end":{"line":71,"column":3}},"23":{"start":{"line":73,"column":2},"end":{"line":73,"column":32}},"24":{"start":{"line":75,"column":2},"end":{"line":85,"column":5}},"25":{"start":{"line":91,"column":18},"end":{"line":107,"column":2}},"26":{"start":{"line":92,"column":17},"end":{"line":92,"column":27}},"27":{"start":{"line":93,"column":17},"end":{"line":93,"column":32}},"28":{"start":{"line":95,"column":2},"end":{"line":97,"column":3}},"29":{"start":{"line":96,"column":4},"end":{"line":96,"column":68}},"30":{"start":{"line":100,"column":21},"end":{"line":100,"column":34}},"31":{"start":{"line":101,"column":2},"end":{"line":101,"column":28}},"32":{"start":{"line":103,"column":2},"end":{"line":106,"column":5}},"33":{"start":{"line":112,"column":21},"end":{"line":139,"column":2}},"34":{"start":{"line":113,"column":17},"end":{"line":113,"column":27}},"35":{"start":{"line":114,"column":17},"end":{"line":114,"column":32}},"36":{"start":{"line":116,"column":2},"end":{"line":118,"column":3}},"37":{"start":{"line":117,"column":4},"end":{"line":117,"column":68}},"38":{"start":{"line":120,"column":24},"end":{"line":124,"column":3}},"39":{"start":{"line":126,"column":2},"end":{"line":126,"column":33}},"40":{"start":{"line":129,"column":21},"end":{"line":129,"column":41}},"41":{"start":{"line":130,"column":2},"end":{"line":130,"column":28}},"42":{"start":{"line":132,"column":2},"end":{"line":138,"column":5}},"43":{"start":{"line":144,"column":25},"end":{"line":163,"column":2}},"44":{"start":{"line":145,"column":17},"end":{"line":145,"column":27}},"45":{"start":{"line":146,"column":17},"end":{"line":146,"column":32}},"46":{"start":{"line":148,"column":2},"end":{"line":150,"column":3}},"47":{"start":{"line":149,"column":4},"end":{"line":149,"column":68}},"48":{"start":{"line":152,"column":2},"end":{"line":152,"column":29}},"49":{"start":{"line":153,"column":2},"end":{"line":153,"column":47}},"50":{"start":{"line":154,"column":2},"end":{"line":154,"column":26}},"51":{"start":{"line":156,"column":2},"end":{"line":162,"column":5}},"52":{"start":{"line":168,"column":24},"end":{"line":188,"column":2}},"53":{"start":{"line":169,"column":17},"end":{"line":169,"column":27}},"54":{"start":{"line":170,"column":17},"end":{"line":170,"column":32}},"55":{"start":{"line":172,"column":2},"end":{"line":174,"column":3}},"56":{"start":{"line":173,"column":4},"end":{"line":173,"column":68}},"57":{"start":{"line":176,"column":2},"end":{"line":187,"column":5}},"58":{"start":{"line":193,"column":29},"end":{"line":252,"column":2}},"59":{"start":{"line":194,"column":44},"end":{"line":194,"column":52}},"60":{"start":{"line":196,"column":18},"end":{"line":199,"column":3}},"61":{"start":{"line":201,"column":2},"end":{"line":242,"column":3}},"62":{"start":{"line":202,"column":19},"end":{"line":202,"column":40}},"63":{"start":{"line":204,"column":4},"end":{"line":210,"column":5}},"64":{"start":{"line":205,"column":6},"end":{"line":208,"column":9}},"65":{"start":{"line":209,"column":6},"end":{"line":209,"column":15}},"66":{"start":{"line":212,"column":4},"end":{"line":241,"column":5}},"67":{"start":{"line":213,"column":6},"end":{"line":228,"column":7}},"68":{"start":{"line":215,"column":10},"end":{"line":215,"column":35}},"69":{"start":{"line":216,"column":10},"end":{"line":216,"column":16}},"70":{"start":{"line":218,"column":10},"end":{"line":218,"column":37}},"71":{"start":{"line":219,"column":10},"end":{"line":219,"column":16}},"72":{"start":{"line":221,"column":10},"end":{"line":221,"column":35}},"73":{"start":{"line":222,"column":10},"end":{"line":222,"column":16}},"74":{"start":{"line":224,"column":10},"end":{"line":226,"column":11}},"75":{"start":{"line":225,"column":12},"end":{"line":225,"column":60}},"76":{"start":{"line":227,"column":10},"end":{"line":227,"column":16}},"77":{"start":{"line":230,"column":6},"end":{"line":233,"column":7}},"78":{"start":{"line":231,"column":8},"end":{"line":231,"column":53}},"79":{"start":{"line":232,"column":8},"end":{"line":232,"column":38}},"80":{"start":{"line":235,"column":6},"end":{"line":235,"column":37}},"81":{"start":{"line":237,"column":6},"end":{"line":240,"column":9}},"82":{"start":{"line":244,"column":2},"end":{"line":251,"column":5}},"83":{"start":{"line":254,"column":0},"end":{"line":262,"column":2}}},"fnMap":{"0":{"name":"(anonymous_0)","decl":{"start":{"line":10,"column":33},"end":{"line":10,"column":34}},"loc":{"start":{"line":10,"column":53},"end":{"line":49,"column":1}},"line":10},"1":{"name":"(anonymous_1)","decl":{"start":{"line":18,"column":45},"end":{"line":18,"column":46}},"loc":{"start":{"line":18,"column":50},"end":{"line":18,"column":69}},"line":18},"2":{"name":"(anonymous_2)","decl":{"start":{"line":21,"column":45},"end":{"line":21,"column":46}},"loc":{"start":{"line":21,"column":50},"end":{"line":21,"column":65}},"line":21},"3":{"name":"(anonymous_3)","decl":{"start":{"line":24,"column":45},"end":{"line":24,"column":46}},"loc":{"start":{"line":25,"column":6},"end":{"line":29,"column":7}},"line":25},"4":{"name":"(anonymous_4)","decl":{"start":{"line":54,"column":36},"end":{"line":54,"column":37}},"loc":{"start":{"line":54,"column":56},"end":{"line":86,"column":1}},"line":54},"5":{"name":"(anonymous_5)","decl":{"start":{"line":91,"column":31},"end":{"line":91,"column":32}},"loc":{"start":{"line":91,"column":51},"end":{"line":107,"column":1}},"line":91},"6":{"name":"(anonymous_6)","decl":{"start":{"line":112,"column":34},"end":{"line":112,"column":35}},"loc":{"start":{"line":112,"column":54},"end":{"line":139,"column":1}},"line":112},"7":{"name":"(anonymous_7)","decl":{"start":{"line":144,"column":38},"end":{"line":144,"column":39}},"loc":{"start":{"line":144,"column":58},"end":{"line":163,"column":1}},"line":144},"8":{"name":"(anonymous_8)","decl":{"start":{"line":168,"column":37},"end":{"line":168,"column":38}},"loc":{"start":{"line":168,"column":57},"end":{"line":188,"column":1}},"line":168},"9":{"name":"(anonymous_9)","decl":{"start":{"line":193,"column":42},"end":{"line":193,"column":43}},"loc":{"start":{"line":193,"column":62},"end":{"line":252,"column":1}},"line":193}},"branchMap":{"0":{"loc":{"start":{"line":17,"column":2},"end":{"line":19,"column":3}},"type":"if","locations":[{"start":{"line":17,"column":2},"end":{"line":19,"column":3}},{"start":{},"end":{}}],"line":17},"1":{"loc":{"start":{"line":20,"column":2},"end":{"line":22,"column":3}},"type":"if","locations":[{"start":{"line":20,"column":2},"end":{"line":22,"column":3}},{"start":{},"end":{}}],"line":20},"2":{"loc":{"start":{"line":23,"column":2},"end":{"line":31,"column":3}},"type":"if","locations":[{"start":{"line":23,"column":2},"end":{"line":31,"column":3}},{"start":{},"end":{}}],"line":23},"3":{"loc":{"start":{"line":25,"column":6},"end":{"line":29,"column":7}},"type":"binary-expr","locations":[{"start":{"line":25,"column":6},"end":{"line":25,"column":16}},{"start":{"line":26,"column":8},"end":{"line":26,"column":47}},{"start":{"line":27,"column":8},"end":{"line":27,"column":44}},{"start":{"line":28,"column":8},"end":{"line":28,"column":43}}],"line":25},"4":{"loc":{"start":{"line":95,"column":2},"end":{"line":97,"column":3}},"type":"if","locations":[{"start":{"line":95,"column":2},"end":{"line":97,"column":3}},{"start":{},"end":{}}],"line":95},"5":{"loc":{"start":{"line":116,"column":2},"end":{"line":118,"column":3}},"type":"if","locations":[{"start":{"line":116,"column":2},"end":{"line":118,"column":3}},{"start":{},"end":{}}],"line":116},"6":{"loc":{"start":{"line":148,"column":2},"end":{"line":150,"column":3}},"type":"if","locations":[{"start":{"line":148,"column":2},"end":{"line":150,"column":3}},{"start":{},"end":{}}],"line":148},"7":{"loc":{"start":{"line":172,"column":2},"end":{"line":174,"column":3}},"type":"if","locations":[{"start":{"line":172,"column":2},"end":{"line":174,"column":3}},{"start":{},"end":{}}],"line":172},"8":{"loc":{"start":{"line":183,"column":14},"end":{"line":185,"column":12}},"type":"cond-expr","locations":[{"start":{"line":184,"column":8},"end":{"line":184,"column":78}},{"start":{"line":185,"column":8},"end":{"line":185,"column":12}}],"line":183},"9":{"loc":{"start":{"line":204,"column":4},"end":{"line":210,"column":5}},"type":"if","locations":[{"start":{"line":204,"column":4},"end":{"line":210,"column":5}},{"start":{},"end":{}}],"line":204},"10":{"loc":{"start":{"line":213,"column":6},"end":{"line":228,"column":7}},"type":"switch","locations":[{"start":{"line":214,"column":8},"end":{"line":216,"column":16}},{"start":{"line":217,"column":8},"end":{"line":219,"column":16}},{"start":{"line":220,"column":8},"end":{"line":222,"column":16}},{"start":{"line":223,"column":8},"end":{"line":227,"column":16}}],"line":213},"11":{"loc":{"start":{"line":224,"column":10},"end":{"line":226,"column":11}},"type":"if","locations":[{"start":{"line":224,"column":10},"end":{"line":226,"column":11}},{"start":{},"end":{}}],"line":224},"12":{"loc":{"start":{"line":230,"column":6},"end":{"line":233,"column":7}},"type":"if","locations":[{"start":{"line":230,"column":6},"end":{"line":233,"column":7}},{"start":{},"end":{}}],"line":230}},"s":{"0":2,"1":2,"2":2,"3":2,"4":2,"5":2,"6":2,"7":2,"8":0,"9":0,"10":2,"11":0,"12":0,"13":2,"14":0,"15":0,"16":2,"17":2,"18":2,"19":2,"20":1,"21":1,"22":1,"23":1,"24":1,"25":2,"26":1,"27":1,"28":1,"29":0,"30":1,"31":1,"32":1,"33":2,"34":0,"35":0,"36":0,"37":0,"38":0,"39":0,"40":0,"41":0,"42":0,"43":2,"44":0,"45":0,"46":0,"47":0,"48":0,"49":0,"50":0,"51":0,"52":2,"53":0,"54":0,"55":0,"56":0,"57":0,"58":2,"59":0,"60":0,"61":0,"62":0,"63":0,"64":0,"65":0,"66":0,"67":0,"68":0,"69":0,"70":0,"71":0,"72":0,"73":0,"74":0,"75":0,"76":0,"77":0,"78":0,"79":0,"80":0,"81":0,"82":0,"83":2},"f":{"0":2,"1":0,"2":0,"3":0,"4":1,"5":1,"6":0,"7":0,"8":0,"9":0},"b":{"0":[0,2],"1":[0,2],"2":[0,2],"3":[0,0,0,0],"4":[0,1],"5":[0,0],"6":[0,0],"7":[0,0],"8":[0,0],"9":[0,0],"10":[0,0,0,0],"11":[0,0],"12":[0,0]},"_coverageSchema":"1a1c01bbd47fc00a2c39e90264f33305004495a9","hash":"ae232003c91cff1f59485799a35e93fdd78a7ac7"}
,"/home/runner/work/neurobuildtech/neurobuildtech/backend/services/api/src/controllers/healthController.js": {"path":"/home/runner/work/neurobuildtech/neurobuildtech/backend/services/api/src/controllers/healthController.js","statementMap":{"0":{"start":{"line":1,"column":25},"end":{"line":1,"column":62}},"1":{"start":{"line":2,"column":24},"end":{"line":2,"column":58}},"2":{"start":{"line":7,"column":20},"end":{"line":33,"column":2}},"3":{"start":{"line":8,"column":23},"end":{"line":14,"column":3}},"4":{"start":{"line":17,"column":2},"end":{"line":25,"column":3}},"5":{"start":{"line":18,"column":4},"end":{"line":24,"column":5}},"6":{"start":{"line":19,"column":6},"end":{"line":19,"column":31}},"7":{"start":{"line":20,"column":6},"end":{"line":20,"column":39}},"8":{"start":{"line":22,"column":6},"end":{"line":22,"column":42}},"9":{"start":{"line":23,"column":6},"end":{"line":23,"column":39}},"10":{"start":{"line":27,"column":21},"end":{"line":27,"column":66}},"11":{"start":{"line":29,"column":2},"end":{"line":32,"column":5}},"12":{"start":{"line":38,"column":19},"end":{"line":75,"column":2}},"13":{"start":{"line":40,"column":18},"end":{"line":69,"column":3}},"14":{"start":{"line":71,"column":2},"end":{"line":74,"column":5}},"15":{"start":{"line":80,"column":24},"end":{"line":132,"column":2}},"16":{"start":{"line":81,"column":17},"end":{"line":114,"column":3}},"17":{"start":{"line":117,"column":2},"end":{"line":126,"column":3}},"18":{"start":{"line":118,"column":4},"end":{"line":125,"column":5}},"19":{"start":{"line":119,"column":6},"end":{"line":119,"column":31}},"20":{"start":{"line":120,"column":6},"end":{"line":120,"column":49}},"21":{"start":{"line":121,"column":6},"end":{"line":121,"column":65}},"22":{"start":{"line":123,"column":6},"end":{"line":123,"column":45}},"23":{"start":{"line":124,"column":6},"end":{"line":124,"column":52}},"24":{"start":{"line":128,"column":2},"end":{"line":131,"column":5}},"25":{"start":{"line":134,"column":0},"end":{"line":138,"column":2}}},"fnMap":{"0":{"name":"(anonymous_0)","decl":{"start":{"line":7,"column":33},"end":{"line":7,"column":34}},"loc":{"start":{"line":7,"column":53},"end":{"line":33,"column":1}},"line":7},"1":{"name":"(anonymous_1)","decl":{"start":{"line":38,"column":32},"end":{"line":38,"column":33}},"loc":{"start":{"line":38,"column":52},"end":{"line":75,"column":1}},"line":38},"2":{"name":"(anonymous_2)","decl":{"start":{"line":80,"column":37},"end":{"line":80,"column":38}},"loc":{"start":{"line":80,"column":57},"end":{"line":132,"column":1}},"line":80}},"branchMap":{"0":{"loc":{"start":{"line":12,"column":17},"end":{"line":12,"column":54}},"type":"binary-expr","locations":[{"start":{"line":12,"column":17},"end":{"line":12,"column":37}},{"start":{"line":12,"column":41},"end":{"line":12,"column":54}}],"line":12},"1":{"loc":{"start":{"line":13,"column":13},"end":{"line":13,"column":47}},"type":"binary-expr","locations":[{"start":{"line":13,"column":13},"end":{"line":13,"column":36}},{"start":{"line":13,"column":40},"end":{"line":13,"column":47}}],"line":13},"2":{"loc":{"start":{"line":17,"column":2},"end":{"line":25,"column":3}},"type":"if","locations":[{"start":{"line":17,"column":2},"end":{"line":25,"column":3}},{"start":{},"end":{}}],"line":17},"3":{"loc":{"start":{"line":27,"column":21},"end":{"line":27,"column":66}},"type":"cond-expr","locations":[{"start":{"line":27,"column":57},"end":{"line":27,"column":60}},{"start":{"line":27,"column":63},"end":{"line":27,"column":66}}],"line":27},"4":{"loc":{"start":{"line":87,"column":17},"end":{"line":87,"column":51}},"type":"binary-expr","locations":[{"start":{"line":87,"column":17},"end":{"line":87,"column":40}},{"start":{"line":87,"column":44},"end":{"line":87,"column":51}}],"line":87},"5":{"loc":{"start":{"line":112,"column":11},"end":{"line":112,"column":48}},"type":"binary-expr","locations":[{"start":{"line":112,"column":11},"end":{"line":112,"column":31}},{"start":{"line":112,"column":35},"end":{"line":112,"column":48}}],"line":112},"6":{"loc":{"start":{"line":117,"column":2},"end":{"line":126,"column":3}},"type":"if","locations":[{"start":{"line":117,"column":2},"end":{"line":126,"column":3}},{"start":{},"end":{}}],"line":117}},"s":{"0":2,"1":2,"2":2,"3":3,"4":3,"5":0,"6":0,"7":0,"8":0,"9":0,"10":3,"11":3,"12":2,"13":1,"14":1,"15":2,"16":0,"17":0,"18":0,"19":0,"20":0,"21":0,"22":0,"23":0,"24":0,"25":2},"f":{"0":3,"1":1,"2":0},"b":{"0":[3,0],"1":[3,3],"2":[0,3],"3":[3,0],"4":[0,0],"5":[0,0],"6":[0,0]},"_coverageSchema":"1a1c01bbd47fc00a2c39e90264f33305004495a9","hash":"f027c67833988edb644632d3d6115907bcb788d6"}
,"/home/runner/work/neurobuildtech/neurobuildtech/backend/services/api/src/middleware/auth.js": {"path":"/home/runner/work/neurobuildtech/neurobuildtech/backend/services/api/src/middleware/auth.js","statementMap":{"0":{"start":{"line":1,"column":12},"end":{"line":1,"column":35}},"1":{"start":{"line":3,"column":19},"end":{"line":3,"column":83}},"2":{"start":{"line":4,"column":23},"end":{"line":4,"column":32}},"3":{"start":{"line":9,"column":23},"end":{"line":91,"column":1}},"4":{"start":{"line":10,"column":2},"end":{"line":90,"column":3}},"5":{"start":{"line":12,"column":23},"end":{"line":12,"column":48}},"6":{"start":{"line":13,"column":19},"end":{"line":13,"column":43}},"7":{"start":{"line":15,"column":4},"end":{"line":23,"column":5}},"8":{"start":{"line":16,"column":6},"end":{"line":22,"column":9}},"9":{"start":{"line":26,"column":4},"end":{"line":47,"column":5}},"10":{"start":{"line":27,"column":6},"end":{"line":46,"column":7}},"11":{"start":{"line":30,"column":8},"end":{"line":36,"column":10}},"12":{"start":{"line":37,"column":8},"end":{"line":37,"column":22}},"13":{"start":{"line":39,"column":8},"end":{"line":45,"column":11}},"14":{"start":{"line":50,"column":4},"end":{"line":81,"column":5}},"15":{"start":{"line":51,"column":20},"end":{"line":53,"column":20}},"16":{"start":{"line":55,"column":6},"end":{"line":80,"column":7}},"17":{"start":{"line":56,"column":24},"end":{"line":56,"column":53}},"18":{"start":{"line":57,"column":8},"end":{"line":61,"column":10}},"19":{"start":{"line":62,"column":8},"end":{"line":62,"column":15}},"20":{"start":{"line":64,"column":8},"end":{"line":72,"column":9}},"21":{"start":{"line":65,"column":10},"end":{"line":71,"column":13}},"22":{"start":{"line":73,"column":8},"end":{"line":79,"column":11}},"23":{"start":{"line":83,"column":4},"end":{"line":89,"column":7}},"24":{"start":{"line":96,"column":20},"end":{"line":120,"column":1}},"25":{"start":{"line":97,"column":2},"end":{"line":119,"column":4}},"26":{"start":{"line":98,"column":4},"end":{"line":106,"column":5}},"27":{"start":{"line":99,"column":6},"end":{"line":105,"column":9}},"28":{"start":{"line":108,"column":4},"end":{"line":116,"column":5}},"29":{"start":{"line":109,"column":6},"end":{"line":115,"column":9}},"30":{"start":{"line":118,"column":4},"end":{"line":118,"column":11}},"31":{"start":{"line":125,"column":22},"end":{"line":131,"column":1}},"32":{"start":{"line":126,"column":2},"end":{"line":130,"column":4}},"33":{"start":{"line":136,"column":21},"end":{"line":169,"column":1}},"34":{"start":{"line":137,"column":27},"end":{"line":137,"column":35}},"35":{"start":{"line":139,"column":2},"end":{"line":147,"column":3}},"36":{"start":{"line":140,"column":4},"end":{"line":146,"column":7}},"37":{"start":{"line":149,"column":2},"end":{"line":168,"column":3}},"38":{"start":{"line":150,"column":20},"end":{"line":150,"column":56}},"39":{"start":{"line":151,"column":21},"end":{"line":151,"column":64}},"40":{"start":{"line":153,"column":4},"end":{"line":159,"column":7}},"41":{"start":{"line":161,"column":4},"end":{"line":167,"column":7}},"42":{"start":{"line":171,"column":0},"end":{"line":171,"column":32}},"43":{"start":{"line":172,"column":0},"end":{"line":172,"column":41}},"44":{"start":{"line":173,"column":0},"end":{"line":173,"column":45}},"45":{"start":{"line":174,"column":0},"end":{"line":174,"column":43}}},"fnMap":{"0":{"name":"(anonymous_0)","decl":{"start":{"line":9,"column":23},"end":{"line":9,"column":24}},"loc":{"start":{"line":9,"column":43},"end":{"line":91,"column":1}},"line":9},"1":{"name":"(anonymous_1)","decl":{"start":{"line":96,"column":20},"end":{"line":96,"column":21}},"loc":{"start":{"line":96,"column":41},"end":{"line":120,"column":1}},"line":96},"2":{"name":"(anonymous_2)","decl":{"start":{"line":97,"column":9},"end":{"line":97,"column":10}},"loc":{"start":{"line":97,"column":29},"end":{"line":119,"column":3}},"line":97},"3":{"name":"(anonymous_3)","decl":{"start":{"line":125,"column":22},"end":{"line":125,"column":23}},"loc":{"start":{"line":125,"column":68},"end":{"line":131,"column":1}},"line":125},"4":{"name":"(anonymous_4)","decl":{"start":{"line":136,"column":21},"end":{"line":136,"column":22}},"loc":{"start":{"line":136,"column":35},"end":{"line":169,"column":1}},"line":136}},"branchMap":{"0":{"loc":{"start":{"line":3,"column":19},"end":{"line":3,"column":83}},"type":"binary-expr","locations":[{"start":{"line":3,"column":19},"end":{"line":3,"column":41}},{"start":{"line":3,"column":45},"end":{"line":3,"column":83}}],"line":3},"1":{"loc":{"start":{"line":15,"column":4},"end":{"line":23,"column":5}},"type":"if","locations":[{"start":{"line":15,"column":4},"end":{"line":23,"column":5}},{"start":{},"end":{}}],"line":15},"2":{"loc":{"start":{"line":15,"column":8},"end":{"line":15,"column":30}},"type":"binary-expr","locations":[{"start":{"line":15,"column":8},"end":{"line":15,"column":19}},{"start":{"line":15,"column":23},"end":{"line":15,"column":30}}],"line":15},"3":{"loc":{"start":{"line":26,"column":4},"end":{"line":47,"column":5}},"type":"if","locations":[{"start":{"line":26,"column":4},"end":{"line":47,"column":5}},{"start":{},"end":{}}],"line":26},"4":{"loc":{"start":{"line":27,"column":6},"end":{"line":46,"column":7}},"type":"if","locations":[{"start":{"line":27,"column":6},"end":{"line":46,"column":7}},{"start":{"line":38,"column":13},"end":{"line":46,"column":7}}],"line":27},"5":{"loc":{"start":{"line":50,"column":4},"end":{"line":81,"column":5}},"type":"if","locations":[{"start":{"line":50,"column":4},"end":{"line":81,"column":5}},{"start":{},"end":{}}],"line":50},"6":{"loc":{"start":{"line":51,"column":20},"end":{"line":53,"column":20}},"type":"cond-expr","locations":[{"start":{"line":52,"column":10},"end":{"line":52,"column":33}},{"start":{"line":53,"column":10},"end":{"line":53,"column":20}}],"line":51},"7":{"loc":{"start":{"line":58,"column":14},"end":{"line":58,"column":42}},"type":"binary-expr","locations":[{"start":{"line":58,"column":14},"end":{"line":58,"column":28}},{"start":{"line":58,"column":32},"end":{"line":58,"column":42}}],"line":58},"8":{"loc":{"start":{"line":59,"column":16},"end":{"line":59,"column":38}},"type":"binary-expr","locations":[{"start":{"line":59,"column":16},"end":{"line":59,"column":28}},{"start":{"line":59,"column":32},"end":{"line":59,"column":38}}],"line":59},"9":{"loc":{"start":{"line":64,"column":8},"end":{"line":72,"column":9}},"type":"if","locations":[{"start":{"line":64,"column":8},"end":{"line":72,"column":9}},{"start":{},"end":{}}],"line":64},"10":{"loc":{"start":{"line":98,"column":4},"end":{"line":106,"column":5}},"type":"if","locations":[{"start":{"line":98,"column":4},"end":{"line":106,"column":5}},{"start":{},"end":{}}],"line":98},"11":{"loc":{"start":{"line":108,"column":4},"end":{"line":116,"column":5}},"type":"if","locations":[{"start":{"line":108,"column":4},"end":{"line":116,"column":5}},{"start":{},"end":{}}],"line":108},"12":{"loc":{"start":{"line":125,"column":31},"end":{"line":125,"column":44}},"type":"default-arg","locations":[{"start":{"line":125,"column":38},"end":{"line":125,"column":44}}],"line":125},"13":{"loc":{"start":{"line":125,"column":46},"end":{"line":125,"column":63}},"type":"default-arg","locations":[{"start":{"line":125,"column":58},"end":{"line":125,"column":63}}],"line":125},"14":{"loc":{"start":{"line":139,"column":2},"end":{"line":147,"column":3}},"type":"if","locations":[{"start":{"line":139,"column":2},"end":{"line":147,"column":3}},{"start":{},"end":{}}],"line":139}},"s":{"0":2,"1":2,"2":2,"3":2,"4":10,"5":10,"6":10,"7":10,"8":1,"9":9,"10":1,"11":1,"12":1,"13":0,"14":8,"15":8,"16":8,"17":8,"18":8,"19":8,"20":0,"21":0,"22":0,"23":0,"24":2,"25":12,"26":2,"27":0,"28":2,"29":1,"30":1,"31":2,"32":0,"33":2,"34":0,"35":0,"36":0,"37":0,"38":0,"39":0,"40":0,"41":0,"42":2,"43":2,"44":2,"45":2},"f":{"0":10,"1":12,"2":2,"3":0,"4":0},"b":{"0":[2,2],"1":[1,9],"2":[10,2],"3":[1,8],"4":[1,0],"5":[8,0],"6":[8,0],"7":[8,0],"8":[8,0],"9":[0,0],"10":[0,2],"11":[1,1],"12":[0],"13":[0],"14":[0,0]},"_coverageSchema":"1a1c01bbd47fc00a2c39e90264f33305004495a9","hash":"94fd5b3241045c3bff60bb2307f65935781421cf"}
,"/home/runner/work/neurobuildtech/neurobuildtech/backend/services/api/src/middleware/errorHandler.js": {"path":"/home/runner/work/neurobuildtech/neurobuildtech/backend/services/api/src/middleware/errorHandler.js","statementMap":{"0":{"start":{"line":1,"column":23},"end":{"line":1,"column":38}},"1":{"start":{"line":8,"column":4},"end":{"line":8,"column":19}},"2":{"start":{"line":9,"column":4},"end":{"line":9,"column":33}},"3":{"start":{"line":10,"column":4},"end":{"line":10,"column":21}},"4":{"start":{"line":11,"column":4},"end":{"line":11,"column":27}},"5":{"start":{"line":12,"column":4},"end":{"line":12,"column":30}},"6":{"start":{"line":13,"column":4},"end":{"line":13,"column":52}},"7":{"start":{"line":20,"column":21},"end":{"line":93,"column":1}},"8":{"start":{"line":21,"column":20},"end":{"line":21,"column":59}},"9":{"start":{"line":24,"column":2},"end":{"line":24,"column":43}},"10":{"start":{"line":27,"column":19},"end":{"line":27,"column":40}},"11":{"start":{"line":28,"column":13},"end":{"line":28,"column":48}},"12":{"start":{"line":29,"column":16},"end":{"line":29,"column":61}},"13":{"start":{"line":30,"column":16},"end":{"line":30,"column":35}},"14":{"start":{"line":33,"column":2},"end":{"line":42,"column":5}},"15":{"start":{"line":45,"column":2},"end":{"line":69,"column":3}},"16":{"start":{"line":46,"column":4},"end":{"line":46,"column":21}},"17":{"start":{"line":47,"column":4},"end":{"line":47,"column":30}},"18":{"start":{"line":48,"column":4},"end":{"line":48,"column":40}},"19":{"start":{"line":49,"column":9},"end":{"line":69,"column":3}},"20":{"start":{"line":50,"column":4},"end":{"line":50,"column":21}},"21":{"start":{"line":51,"column":4},"end":{"line":51,"column":26}},"22":{"start":{"line":52,"column":4},"end":{"line":52,"column":40}},"23":{"start":{"line":53,"column":9},"end":{"line":69,"column":3}},"24":{"start":{"line":54,"column":4},"end":{"line":54,"column":21}},"25":{"start":{"line":55,"column":4},"end":{"line":55,"column":27}},"26":{"start":{"line":56,"column":4},"end":{"line":56,"column":45}},"27":{"start":{"line":57,"column":9},"end":{"line":69,"column":3}},"28":{"start":{"line":58,"column":4},"end":{"line":58,"column":21}},"29":{"start":{"line":59,"column":4},"end":{"line":59,"column":27}},"30":{"start":{"line":60,"column":4},"end":{"line":60,"column":49}},"31":{"start":{"line":61,"column":9},"end":{"line":69,"column":3}},"32":{"start":{"line":62,"column":4},"end":{"line":62,"column":21}},"33":{"start":{"line":63,"column":4},"end":{"line":63,"column":24}},"34":{"start":{"line":64,"column":4},"end":{"line":64,"column":34}},"35":{"start":{"line":65,"column":9},"end":{"line":69,"column":3}},"36":{"start":{"line":66,"column":4},"end":{"line":66,"column":21}},"37":{"start":{"line":67,"column":4},"end":{"line":67,"column":33}},"38":{"start":{"line":68,"column":4},"end":{"line":68,"column":48}},"39":{"start":{"line":72,"column":24},"end":{"line":79,"column":3}},"40":{"start":{"line":82,"column":2},"end":{"line":89,"column":3}},"41":{"start":{"line":83,"column":4},"end":{"line":83,"column":42}},"42":{"start":{"line":84,"column":4},"end":{"line":84,"column":42}},"43":{"start":{"line":85,"column":4},"end":{"line":85,"column":55}},"44":{"start":{"line":86,"column":9},"end":{"line":89,"column":3}},"45":{"start":{"line":88,"column":4},"end":{"line":88,"column":42}},"46":{"start":{"line":92,"column":2},"end":{"line":92,"column":45}},"47":{"start":{"line":98,"column":24},"end":{"line":107,"column":1}},"48":{"start":{"line":99,"column":2},"end":{"line":106,"column":5}},"49":{"start":{"line":112,"column":21},"end":{"line":116,"column":1}},"50":{"start":{"line":113,"column":2},"end":{"line":115,"column":4}},"51":{"start":{"line":114,"column":4},"end":{"line":114,"column":52}},"52":{"start":{"line":118,"column":0},"end":{"line":118,"column":30}},"53":{"start":{"line":119,"column":0},"end":{"line":119,"column":35}},"54":{"start":{"line":120,"column":0},"end":{"line":120,"column":49}},"55":{"start":{"line":121,"column":0},"end":{"line":121,"column":43}}},"fnMap":{"0":{"name":"(anonymous_0)","decl":{"start":{"line":7,"column":2},"end":{"line":7,"column":3}},"loc":{"start":{"line":7,"column":57},"end":{"line":14,"column":3}},"line":7},"1":{"name":"(anonymous_1)","decl":{"start":{"line":20,"column":21},"end":{"line":20,"column":22}},"loc":{"start":{"line":20,"column":47},"end":{"line":93,"column":1}},"line":20},"2":{"name":"(anonymous_2)","decl":{"start":{"line":98,"column":24},"end":{"line":98,"column":25}},"loc":{"start":{"line":98,"column":38},"end":{"line":107,"column":1}},"line":98},"3":{"name":"(anonymous_3)","decl":{"start":{"line":112,"column":21},"end":{"line":112,"column":22}},"loc":{"start":{"line":112,"column":29},"end":{"line":116,"column":1}},"line":112},"4":{"name":"(anonymous_4)","decl":{"start":{"line":113,"column":9},"end":{"line":113,"column":10}},"loc":{"start":{"line":113,"column":29},"end":{"line":115,"column":3}},"line":113}},"branchMap":{"0":{"loc":{"start":{"line":7,"column":41},"end":{"line":7,"column":55}},"type":"default-arg","locations":[{"start":{"line":7,"column":51},"end":{"line":7,"column":55}}],"line":7},"1":{"loc":{"start":{"line":21,"column":20},"end":{"line":21,"column":59}},"type":"binary-expr","locations":[{"start":{"line":21,"column":20},"end":{"line":21,"column":47}},{"start":{"line":21,"column":51},"end":{"line":21,"column":59}}],"line":21},"2":{"loc":{"start":{"line":27,"column":19},"end":{"line":27,"column":40}},"type":"binary-expr","locations":[{"start":{"line":27,"column":19},"end":{"line":27,"column":33}},{"start":{"line":27,"column":37},"end":{"line":27,"column":40}}],"line":27},"3":{"loc":{"start":{"line":28,"column":13},"end":{"line":28,"column":48}},"type":"binary-expr","locations":[{"start":{"line":28,"column":13},"end":{"line":28,"column":21}},{"start":{"line":28,"column":25},"end":{"line":28,"column":48}}],"line":28},"4":{"loc":{"start":{"line":29,"column":16},"end":{"line":29,"column":61}},"type":"binary-expr","locations":[{"start":{"line":29,"column":16},"end":{"line":29,"column":27}},{"start":{"line":29,"column":31},"end":{"line":29,"column":61}}],"line":29},"5":{"loc":{"start":{"line":30,"column":16},"end":{"line":30,"column":35}},"type":"binary-expr","locations":[{"start":{"line":30,"column":16},"end":{"line":30,"column":27}},{"start":{"line":30,"column":31},"end":{"line":30,"column":35}}],"line":30},"6":{"loc":{"start":{"line":41,"column":11},"end":{"line":41,"column":73}},"type":"cond-expr","locations":[{"start":{"line":41,"column":52},"end":{"line":41,"column":61}},{"start":{"line":41,"column":64},"end":{"line":41,"column":73}}],"line":41},"7":{"loc":{"start":{"line":45,"column":2},"end":{"line":69,"column":3}},"type":"if","locations":[{"start":{"line":45,"column":2},"end":{"line":69,"column":3}},{"start":{"line":49,"column":9},"end":{"line":69,"column":3}}],"line":45},"8":{"loc":{"start":{"line":49,"column":9},"end":{"line":69,"column":3}},"type":"if","locations":[{"start":{"line":49,"column":9},"end":{"line":69,"column":3}},{"start":{"line":53,"column":9},"end":{"line":69,"column":3}}],"line":49},"9":{"loc":{"start":{"line":53,"column":9},"end":{"line":69,"column":3}},"type":"if","locations":[{"start":{"line":53,"column":9},"end":{"line":69,"column":3}},{"start":{"line":57,"column":9},"end":{"line":69,"column":3}}],"line":53},"10":{"loc":{"start":{"line":57,"column":9},"end":{"line":69,"column":3}},"type":"if","locations":[{"start":{"line":57,"column":9},"end":{"line":69,"column":3}},{"start":{"line":61,"column":9},"end":{"line":69,"column":3}}],"line":57},"11":{"loc":{"start":{"line":61,"column":9},"end":{"line":69,"column":3}},"type":"if","locations":[{"start":{"line":61,"column":9},"end":{"line":69,"column":3}},{"start":{"line":65,"column":9},"end":{"line":69,"column":3}}],"line":61},"12":{"loc":{"start":{"line":65,"column":9},"end":{"line":69,"column":3}},"type":"if","locations":[{"start":{"line":65,"column":9},"end":{"line":69,"column":3}},{"start":{},"end":{}}],"line":65},"13":{"loc":{"start":{"line":82,"column":2},"end":{"line":89,"column":3}},"type":"if","locations":[{"start":{"line":82,"column":2},"end":{"line":89,"column":3}},{"start":{"line":86,"column":9},"end":{"line":89,"column":3}}],"line":82},"14":{"loc":{"start":{"line":86,"column":9},"end":{"line":89,"column":3}},"type":"if","locations":[{"start":{"line":86,"column":9},"end":{"line":89,"column":3}},{"start":{},"end":{}}],"line":86},"15":{"loc":{"start":{"line":104,"column":17},"end":{"line":104,"column":56}},"type":"binary-expr","locations":[{"start":{"line":104,"column":17},"end":{"line":104,"column":44}},{"start":{"line":104,"column":48},"end":{"line":104,"column":56}}],"line":104}},"s":{"0":2,"1":0,"2":0,"3":0,"4":0,"5":0,"6":0,"7":2,"8":0,"9":0,"10":0,"11":0,"12":0,"13":0,"14":0,"15":0,"16":0,"17":0,"18":0,"19":0,"20":0,"21":0,"22":0,"23":0,"24":0,"25":0,"26":0,"27":0,"28":0,"29":0,"30":0,"31":0,"32":0,"33":0,"34":0,"35":0,"36":0,"37":0,"38":0,"39":0,"40":0,"41":0,"42":0,"43":0,"44":0,"45":0,"46":0,"47":2,"48":0,"49":2,"50":32,"51":11,"52":2,"53":2,"54":2,"55":2},"f":{"0":0,"1":0,"2":0,"3":32,"4":11},"b":{"0":[0],"1":[0,0],"2":[0,0],"3":[0,0],"4":[0,0],"5":[0,0],"6":[0,0],"7":[0,0],"8":[0,0],"9":[0,0],"10":[0,0],"11":[0,0],"12":[0,0],"13":[0,0],"14":[0,0],"15":[0,0]},"_coverageSchema":"1a1c01bbd47fc00a2c39e90264f33305004495a9","hash":"6870e80a609862f89769cd76374a75c90e5aa2e9"}
,"/home/runner/work/neurobuildtech/neurobuildtech/backend/services/api/src/middleware/rateLimit.js": {"path":"/home/runner/work/neurobuildtech/neurobuildtech/backend/services/api/src/middleware/rateLimit.js","statementMap":{"0":{"start":{"line":1,"column":18},"end":{"line":1,"column":47}},"1":{"start":{"line":4,"column":18},"end":{"line":4,"column":22}},"2":{"start":{"line":5,"column":17},"end":{"line":5,"column":21}},"3":{"start":{"line":8,"column":0},"end":{"line":18,"column":1}},"4":{"start":{"line":9,"column":2},"end":{"line":15,"column":3}},"5":{"start":{"line":10,"column":18},"end":{"line":10,"column":34}},"6":{"start":{"line":11,"column":4},"end":{"line":11,"column":45}},"7":{"start":{"line":12,"column":4},"end":{"line":12,"column":69}},"8":{"start":{"line":13,"column":4},"end":{"line":13,"column":80}},"9":{"start":{"line":13,"column":37},"end":{"line":13,"column":78}},"10":{"start":{"line":14,"column":4},"end":{"line":14,"column":47}},"11":{"start":{"line":17,"column":2},"end":{"line":17,"column":83}},"12":{"start":{"line":23,"column":23},"end":{"line":44,"column":2}},"13":{"start":{"line":42,"column":4},"end":{"line":42,"column":34}},"14":{"start":{"line":49,"column":22},"end":{"line":65,"column":2}},"15":{"start":{"line":70,"column":22},"end":{"line":89,"column":2}},"16":{"start":{"line":87,"column":4},"end":{"line":87,"column":46}},"17":{"start":{"line":94,"column":21},"end":{"line":110,"column":2}},"18":{"start":{"line":112,"column":0},"end":{"line":112,"column":32}},"19":{"start":{"line":113,"column":0},"end":{"line":113,"column":45}},"20":{"start":{"line":114,"column":0},"end":{"line":114,"column":45}},"21":{"start":{"line":115,"column":0},"end":{"line":115,"column":43}},"22":{"start":{"line":116,"column":0},"end":{"line":116,"column":41}}},"fnMap":{"0":{"name":"(anonymous_0)","decl":{"start":{"line":13,"column":28},"end":{"line":13,"column":29}},"loc":{"start":{"line":13,"column":37},"end":{"line":13,"column":78}},"line":13},"1":{"name":"(anonymous_1)","decl":{"start":{"line":40,"column":16},"end":{"line":40,"column":17}},"loc":{"start":{"line":40,"column":25},"end":{"line":43,"column":3}},"line":40},"2":{"name":"(anonymous_2)","decl":{"start":{"line":86,"column":16},"end":{"line":86,"column":17}},"loc":{"start":{"line":86,"column":25},"end":{"line":88,"column":3}},"line":86}},"branchMap":{"0":{"loc":{"start":{"line":9,"column":2},"end":{"line":15,"column":3}},"type":"if","locations":[{"start":{"line":9,"column":2},"end":{"line":15,"column":3}},{"start":{},"end":{}}],"line":9},"1":{"loc":{"start":{"line":36,"column":9},"end":{"line":39,"column":16}},"type":"cond-expr","locations":[{"start":{"line":36,"column":39},"end":{"line":39,"column":4}},{"start":{"line":39,"column":7},"end":{"line":39,"column":16}}],"line":36},"2":{"loc":{"start":{"line":36,"column":10},"end":{"line":36,"column":35}},"type":"binary-expr","locations":[{"start":{"line":36,"column":10},"end":{"line":36,"column":21}},{"start":{"line":36,"column":25},"end":{"line":36,"column":35}}],"line":36},"3":{"loc":{"start":{"line":42,"column":11},"end":{"line":42,"column":33}},"type":"binary-expr","locations":[{"start":{"line":42,"column":11},"end":{"line":42,"column":23}},{"start":{"line":42,"column":27},"end":{"line":42,"column":33}}],"line":42},"4":{"loc":{"start":{"line":61,"column":9},"end":{"line":64,"column":16}},"type":"cond-expr","locations":[{"start":{"line":61,"column":39},"end":{"line":64,"column":4}},{"start":{"line":64,"column":7},"end":{"line":64,"column":16}}],"line":61},"5":{"loc":{"start":{"line":61,"column":10},"end":{"line":61,"column":35}},"type":"binary-expr","locations":[{"start":{"line":61,"column":10},"end":{"line":61,"column":21}},{"start":{"line":61,"column":25},"end":{"line":61,"column":35}}],"line":61},"6":{"loc":{"start":{"line":82,"column":9},"end":{"line":85,"column":16}},"type":"cond-expr","locations":[{"start":{"line":82,"column":39},"end":{"line":85,"column":4}},{"start":{"line":85,"column":7},"end":{"line":85,"column":16}}],"line":82},"7":{"loc":{"start":{"line":82,"column":10},"end":{"line":82,"column":35}},"type":"binary-expr","locations":[{"start":{"line":82,"column":10},"end":{"line":82,"column":21}},{"start":{"line":82,"column":25},"end":{"line":82,"column":35}}],"line":82},"8":{"loc":{"start":{"line":87,"column":11},"end":{"line":87,"column":45}},"type":"binary-expr","locations":[{"start":{"line":87,"column":11},"end":{"line":87,"column":35}},{"start":{"line":87,"column":39},"end":{"line":87,"column":45}}],"line":87},"9":{"loc":{"start":{"line":106,"column":9},"end":{"line":109,"column":16}},"type":"cond-expr","locations":[{"start":{"line":106,"column":39},"end":{"line":109,"column":4}},{"start":{"line":109,"column":7},"end":{"line":109,"column":16}}],"line":106},"10":{"loc":{"start":{"line":106,"column":10},"end":{"line":106,"column":35}},"type":"binary-expr","locations":[{"start":{"line":106,"column":10},"end":{"line":106,"column":21}},{"start":{"line":106,"column":25},"end":{"line":106,"column":35}}],"line":106}},"s":{"0":2,"1":2,"2":2,"3":2,"4":2,"5":0,"6":0,"7":0,"8":0,"9":0,"10":0,"11":0,"12":2,"13":13,"14":2,"15":2,"16":1,"17":2,"18":2,"19":2,"20":2,"21":2,"22":2},"f":{"0":0,"1":13,"2":1},"b":{"0":[0,2],"1":[0,2],"2":[2,0],"3":[13,13],"4":[0,2],"5":[2,0],"6":[0,2],"7":[2,0],"8":[1,0],"9":[0,2],"10":[2,0]},"_coverageSchema":"1a1c01bbd47fc00a2c39e90264f33305004495a9","hash":"c3529853ec8c2d713907f9b128503fc4ecb761dc"}
,"/home/runner/work/neurobuildtech/neurobuildtech/backend/services/api/src/middleware/validation.js": {"path":"/home/runner/work/neurobuildtech/neurobuildtech/backend/services/api/src/middleware/validation.js","statementMap":{"0":{"start":{"line":4,"column":17},"end":{"line":29,"column":1}},"1":{"start":{"line":5,"column":2},"end":{"line":28,"column":4}},"2":{"start":{"line":6,"column":22},"end":{"line":9,"column":6}},"3":{"start":{"line":11,"column":4},"end":{"line":25,"column":5}},"4":{"start":{"line":12,"column":21},"end":{"line":15,"column":9}},"5":{"start":{"line":12,"column":50},"end":{"line":15,"column":7}},"6":{"start":{"line":17,"column":6},"end":{"line":24,"column":9}},"7":{"start":{"line":27,"column":4},"end":{"line":27,"column":11}},"8":{"start":{"line":34,"column":22},"end":{"line":64,"column":1}},"9":{"start":{"line":35,"column":24},"end":{"line":51,"column":3}},"10":{"start":{"line":36,"column":4},"end":{"line":44,"column":5}},"11":{"start":{"line":38,"column":6},"end":{"line":43,"column":16}},"12":{"start":{"line":45,"column":4},"end":{"line":49,"column":5}},"13":{"start":{"line":46,"column":6},"end":{"line":48,"column":9}},"14":{"start":{"line":47,"column":8},"end":{"line":47,"column":47}},"15":{"start":{"line":50,"column":4},"end":{"line":50,"column":17}},"16":{"start":{"line":53,"column":2},"end":{"line":55,"column":3}},"17":{"start":{"line":54,"column":4},"end":{"line":54,"column":39}},"18":{"start":{"line":56,"column":2},"end":{"line":58,"column":3}},"19":{"start":{"line":57,"column":4},"end":{"line":57,"column":41}},"20":{"start":{"line":59,"column":2},"end":{"line":61,"column":3}},"21":{"start":{"line":60,"column":4},"end":{"line":60,"column":43}},"22":{"start":{"line":63,"column":2},"end":{"line":63,"column":9}},"23":{"start":{"line":69,"column":27},"end":{"line":100,"column":1}},"24":{"start":{"line":70,"column":15},"end":{"line":70,"column":44}},"25":{"start":{"line":71,"column":16},"end":{"line":71,"column":47}},"26":{"start":{"line":73,"column":2},"end":{"line":81,"column":3}},"27":{"start":{"line":74,"column":4},"end":{"line":80,"column":7}},"28":{"start":{"line":83,"column":2},"end":{"line":91,"column":3}},"29":{"start":{"line":84,"column":4},"end":{"line":90,"column":7}},"30":{"start":{"line":93,"column":2},"end":{"line":97,"column":4}},"31":{"start":{"line":99,"column":2},"end":{"line":99,"column":9}},"32":{"start":{"line":105,"column":26},"end":{"line":147,"column":1}},"33":{"start":{"line":106,"column":35},"end":{"line":106,"column":44}},"34":{"start":{"line":108,"column":2},"end":{"line":120,"column":3}},"35":{"start":{"line":109,"column":22},"end":{"line":109,"column":42}},"36":{"start":{"line":110,"column":4},"end":{"line":118,"column":5}},"37":{"start":{"line":111,"column":6},"end":{"line":117,"column":9}},"38":{"start":{"line":119,"column":4},"end":{"line":119,"column":37}},"39":{"start":{"line":122,"column":2},"end":{"line":134,"column":3}},"40":{"start":{"line":123,"column":20},"end":{"line":123,"column":38}},"41":{"start":{"line":124,"column":4},"end":{"line":132,"column":5}},"42":{"start":{"line":125,"column":6},"end":{"line":131,"column":9}},"43":{"start":{"line":133,"column":4},"end":{"line":133,"column":33}},"44":{"start":{"line":136,"column":2},"end":{"line":144,"column":3}},"45":{"start":{"line":137,"column":4},"end":{"line":143,"column":7}},"46":{"start":{"line":146,"column":2},"end":{"line":146,"column":9}},"47":{"start":{"line":149,"column":0},"end":{"line":154,"column":2}}},"fnMap":{"0":{"name":"(anonymous_0)","decl":{"start":{"line":4,"column":17},"end":{"line":4,"column":18}},"loc":{"start":{"line":4,"column":48},"end":{"line":29,"column":1}},"line":4},"1":{"name":"(anonymous_1)","decl":{"start":{"line":5,"column":9},"end":{"line":5,"column":10}},"loc":{"start":{"line":5,"column":29},"end":{"line":28,"column":3}},"line":5},"2":{"name":"(anonymous_2)","decl":{"start":{"line":12,"column":39},"end":{"line":12,"column":40}},"loc":{"start":{"line":12,"column":50},"end":{"line":15,"column":7}},"line":12},"3":{"name":"(anonymous_3)","decl":{"start":{"line":34,"column":22},"end":{"line":34,"column":23}},"loc":{"start":{"line":34,"column":42},"end":{"line":64,"column":1}},"line":34},"4":{"name":"(anonymous_4)","decl":{"start":{"line":35,"column":24},"end":{"line":35,"column":25}},"loc":{"start":{"line":35,"column":35},"end":{"line":51,"column":3}},"line":35},"5":{"name":"(anonymous_5)","decl":{"start":{"line":46,"column":33},"end":{"line":46,"column":34}},"loc":{"start":{"line":46,"column":40},"end":{"line":48,"column":7}},"line":46},"6":{"name":"(anonymous_6)","decl":{"start":{"line":69,"column":27},"end":{"line":69,"column":28}},"loc":{"start":{"line":69,"column":47},"end":{"line":100,"column":1}},"line":69},"7":{"name":"(anonymous_7)","decl":{"start":{"line":105,"column":26},"end":{"line":105,"column":27}},"loc":{"start":{"line":105,"column":46},"end":{"line":147,"column":1}},"line":105}},"branchMap":{"0":{"loc":{"start":{"line":4,"column":26},"end":{"line":4,"column":43}},"type":"default-arg","locations":[{"start":{"line":4,"column":37},"end":{"line":4,"column":43}}],"line":4},"1":{"loc":{"start":{"line":11,"column":4},"end":{"line":25,"column":5}},"type":"if","locations":[{"start":{"line":11,"column":4},"end":{"line":25,"column":5}},{"start":{},"end":{}}],"line":11},"2":{"loc":{"start":{"line":36,"column":4},"end":{"line":44,"column":5}},"type":"if","locations":[{"start":{"line":36,"column":4},"end":{"line":44,"column":5}},{"start":{},"end":{}}],"line":36},"3":{"loc":{"start":{"line":45,"column":4},"end":{"line":49,"column":5}},"type":"if","locations":[{"start":{"line":45,"column":4},"end":{"line":49,"column":5}},{"start":{},"end":{}}],"line":45},"4":{"loc":{"start":{"line":45,"column":8},"end":{"line":45,"column":51}},"type":"binary-expr","locations":[{"start":{"line":45,"column":8},"end":{"line":45,"column":33}},{"start":{"line":45,"column":37},"end":{"line":45,"column":51}}],"line":45},"5":{"loc":{"start":{"line":53,"column":2},"end":{"line":55,"column":3}},"type":"if","locations":[{"start":{"line":53,"column":2},"end":{"line":55,"column":3}},{"start":{},"end":{}}],"line":53},"6":{"loc":{"start":{"line":56,"column":2},"end":{"line":58,"column":3}},"type":"if","locations":[{"start":{"line":56,"column":2},"end":{"line":58,"column":3}},{"start":{},"end":{}}],"line":56},"7":{"loc":{"start":{"line":59,"column":2},"end":{"line":61,"column":3}},"type":"if","locations":[{"start":{"line":59,"column":2},"end":{"line":61,"column":3}},{"start":{},"end":{}}],"line":59},"8":{"loc":{"start":{"line":70,"column":15},"end":{"line":70,"column":44}},"type":"binary-expr","locations":[{"start":{"line":70,"column":15},"end":{"line":70,"column":39}},{"start":{"line":70,"column":43},"end":{"line":70,"column":44}}],"line":70},"9":{"loc":{"start":{"line":71,"column":16},"end":{"line":71,"column":47}},"type":"binary-expr","locations":[{"start":{"line":71,"column":16},"end":{"line":71,"column":41}},{"start":{"line":71,"column":45},"end":{"line":71,"column":47}}],"line":71},"10":{"loc":{"start":{"line":73,"column":2},"end":{"line":81,"column":3}},"type":"if","locations":[{"start":{"line":73,"column":2},"end":{"line":81,"column":3}},{"start":{},"end":{}}],"line":73},"11":{"loc":{"start":{"line":83,"column":2},"end":{"line":91,"column":3}},"type":"if","locations":[{"start":{"line":83,"column":2},"end":{"line":91,"column":3}},{"start":{},"end":{}}],"line":83},"12":{"loc":{"start":{"line":83,"column":6},"end":{"line":83,"column":30}},"type":"binary-expr","locations":[{"start":{"line":83,"column":6},"end":{"line":83,"column":15}},{"start":{"line":83,"column":19},"end":{"line":83,"column":30}}],"line":83},"13":{"loc":{"start":{"line":108,"column":2},"end":{"line":120,"column":3}},"type":"if","locations":[{"start":{"line":108,"column":2},"end":{"line":120,"column":3}},{"start":{},"end":{}}],"line":108},"14":{"loc":{"start":{"line":110,"column":4},"end":{"line":118,"column":5}},"type":"if","locations":[{"start":{"line":110,"column":4},"end":{"line":118,"column":5}},{"start":{},"end":{}}],"line":110},"15":{"loc":{"start":{"line":122,"column":2},"end":{"line":134,"column":3}},"type":"if","locations":[{"start":{"line":122,"column":2},"end":{"line":134,"column":3}},{"start":{},"end":{}}],"line":122},"16":{"loc":{"start":{"line":124,"column":4},"end":{"line":132,"column":5}},"type":"if","locations":[{"start":{"line":124,"column":4},"end":{"line":132,"column":5}},{"start":{},"end":{}}],"line":124},"17":{"loc":{"start":{"line":136,"column":2},"end":{"line":144,"column":3}},"type":"if","locations":[{"start":{"line":136,"column":2},"end":{"line":144,"column":3}},{"start":{},"end":{}}],"line":136},"18":{"loc":{"start":{"line":136,"column":6},"end":{"line":136,"column":73}},"type":"binary-expr","locations":[{"start":{"line":136,"column":6},"end":{"line":136,"column":16}},{"start":{"line":136,"column":20},"end":{"line":136,"column":28}},{"start":{"line":136,"column":32},"end":{"line":136,"column":73}}],"line":136}},"s":{"0":2,"1":8,"2":2,"3":2,"4":0,"5":0,"6":0,"7":2,"8":2,"9":0,"10":0,"11":0,"12":0,"13":0,"14":0,"15":0,"16":0,"17":0,"18":0,"19":0,"20":0,"21":0,"22":0,"23":2,"24":3,"25":3,"26":3,"27":0,"28":3,"29":0,"30":3,"31":3,"32":2,"33":1,"34":1,"35":0,"36":0,"37":0,"38":0,"39":1,"40":0,"41":0,"42":0,"43":0,"44":1,"45":0,"46":1,"47":2},"f":{"0":8,"1":2,"2":0,"3":0,"4":0,"5":0,"6":3,"7":1},"b":{"0":[8],"1":[0,2],"2":[0,0],"3":[0,0],"4":[0,0],"5":[0,0],"6":[0,0],"7":[0,0],"8":[3,3],"9":[3,3],"10":[0,3],"11":[0,3],"12":[3,3],"13":[0,1],"14":[0,0],"15":[0,1],"16":[0,0],"17":[0,1],"18":[1,0,0]},"_coverageSchema":"1a1c01bbd47fc00a2c39e90264f33305004495a9","hash":"70c05ef717ee7684d0737847d1f6d7ca6d73fe19"}
,"/home/runner/work/neurobuildtech/neurobuildtech/backend/services/api/src/routes/data.js": {"path":"/home/runner/work/neurobuildtech/neurobuildtech/backend/services/api/src/routes/data.js","statementMap":{"0":{"start":{"line":1,"column":16},"end":{"line":1,"column":34}},"1":{"start":{"line":2,"column":15},"end":{"line":2,"column":31}},"2":{"start":{"line":3,"column":23},"end":{"line":3,"column":63}},"3":{"start":{"line":4,"column":60},"end":{"line":4,"column":95}},"4":{"start":{"line":5,"column":40},"end":{"line":5,"column":74}},"5":{"start":{"line":8,"column":4},"end":{"line":8,"column":37}},"6":{"start":{"line":15,"column":0},"end":{"line":20,"column":2}},"7":{"start":{"line":27,"column":0},"end":{"line":32,"column":2}},"8":{"start":{"line":39,"column":0},"end":{"line":44,"column":2}},"9":{"start":{"line":51,"column":0},"end":{"line":55,"column":2}},"10":{"start":{"line":62,"column":0},"end":{"line":64,"column":2}},"11":{"start":{"line":71,"column":0},"end":{"line":75,"column":2}},"12":{"start":{"line":77,"column":0},"end":{"line":77,"column":24}}},"fnMap":{},"branchMap":{},"s":{"0":2,"1":2,"2":2,"3":2,"4":2,"5":2,"6":2,"7":2,"8":2,"9":2,"10":2,"11":2,"12":2},"f":{},"b":{},"_coverageSchema":"1a1c01bbd47fc00a2c39e90264f33305004495a9","hash":"9cd958efba20f399096eb2494f70007b1575a6be"}
,"/home/runner/work/neurobuildtech/neurobuildtech/backend/services/api/src/routes/devices.js": {"path":"/home/runner/work/neurobuildtech/neurobuildtech/backend/services/api/src/routes/devices.js","statementMap":{"0":{"start":{"line":1,"column":16},"end":{"line":1,"column":34}},"1":{"start":{"line":2,"column":15},"end":{"line":2,"column":31}},"2":{"start":{"line":3,"column":25},"end":{"line":3,"column":67}},"3":{"start":{"line":4,"column":24},"end":{"line":4,"column":53}},"4":{"start":{"line":5,"column":41},"end":{"line":5,"column":76}},"5":{"start":{"line":10,"column":4},"end":{"line":10,"column":39}},"6":{"start":{"line":17,"column":0},"end":{"line":20,"column":2}},"7":{"start":{"line":27,"column":0},"end":{"line":31,"column":2}},"8":{"start":{"line":38,"column":0},"end":{"line":40,"column":2}},"9":{"start":{"line":47,"column":0},"end":{"line":51,"column":2}},"10":{"start":{"line":58,"column":0},"end":{"line":61,"column":2}},"11":{"start":{"line":68,"column":0},"end":{"line":70,"column":2}},"12":{"start":{"line":77,"column":0},"end":{"line":81,"column":2}},"13":{"start":{"line":83,"column":0},"end":{"line":83,"column":24}}},"fnMap":{},"branchMap":{},"s":{"0":2,"1":2,"2":2,"3":2,"4":2,"5":2,"6":2,"7":2,"8":2,"9":2,"10":2,"11":2,"12":2,"13":2},"f":{},"b":{},"_coverageSchema":"1a1c01bbd47fc00a2c39e90264f33305004495a9","hash":"b3b9bbf8b16d5b8fd428f9543e8a1e08dc34c770"}
,"/home/runner/work/neurobuildtech/neurobuildtech/backend/services/api/src/routes/health.js": {"path":"/home/runner/work/neurobuildtech/neurobuildtech/backend/services/api/src/routes/health.js","statementMap":{"0":{"start":{"line":1,"column":16},"end":{"line":1,"column":34}},"1":{"start":{"line":2,"column":15},"end":{"line":2,"column":31}},"2":{"start":{"line":3,"column":25},"end":{"line":3,"column":67}},"3":{"start":{"line":4,"column":24},"end":{"line":4,"column":53}},"4":{"start":{"line":11,"column":0},"end":{"line":11,"column":46}},"5":{"start":{"line":18,"column":0},"end":{"line":21,"column":2}},"6":{"start":{"line":28,"column":0},"end":{"line":31,"column":2}},"7":{"start":{"line":33,"column":0},"end":{"line":33,"column":24}}},"fnMap":{},"branchMap":{},"s":{"0":2,"1":2,"2":2,"3":2,"4":2,"5":2,"6":2,"7":2},"f":{},"b":{},"_coverageSchema":"1a1c01bbd47fc00a2c39e90264f33305004495a9","hash":"387a79efd49a14952a70e539d5dc5690ab81bd1b"}
,"/home/runner/work/neurobuildtech/neurobuildtech/backend/services/api/src/schemas/data.schema.js": {"path":"/home/runner/work/neurobuildtech/neurobuildtech/backend/services/api/src/schemas/data.schema.js","statementMap":{"0":{"start":{"line":1,"column":12},"end":{"line":1,"column":26}},"1":{"start":{"line":6,"column":30},"end":{"line":13,"column":2}},"2":{"start":{"line":18,"column":34},"end":{"line":29,"column":2}},"3":{"start":{"line":34,"column":35},"end":{"line":61,"column":2}},"4":{"start":{"line":36,"column":44},"end":{"line":36,"column":54}},"5":{"start":{"line":63,"column":0},"end":{"line":67,"column":2}}},"fnMap":{"0":{"name":"(anonymous_0)","decl":{"start":{"line":36,"column":38},"end":{"line":36,"column":39}},"loc":{"start":{"line":36,"column":44},"end":{"line":36,"column":54}},"line":36}},"branchMap":{},"s":{"0":2,"1":2,"2":2,"3":2,"4":1,"5":2},"f":{"0":1},"b":{},"_coverageSchema":"1a1c01bbd47fc00a2c39e90264f33305004495a9","hash":"c6a6fae6c89c5dbffe8edba3f530ca0a7701ce5b"}
,"/home/runner/work/neurobuildtech/neurobuildtech/backend/services/api/src/schemas/device.schema.js": {"path":"/home/runner/work/neurobuildtech/neurobuildtech/backend/services/api/src/schemas/device.schema.js","statementMap":{"0":{"start":{"line":1,"column":12},"end":{"line":1,"column":26}},"1":{"start":{"line":6,"column":29},"end":{"line":43,"column":2}},"2":{"start":{"line":48,"column":27},"end":{"line":72,"column":9}},"3":{"start":{"line":77,"column":25},"end":{"line":89,"column":2}},"4":{"start":{"line":94,"column":26},"end":{"line":100,"column":2}},"5":{"start":{"line":102,"column":0},"end":{"line":107,"column":2}}},"fnMap":{},"branchMap":{},"s":{"0":2,"1":2,"2":2,"3":2,"4":2,"5":2},"f":{},"b":{},"_coverageSchema":"1a1c01bbd47fc00a2c39e90264f33305004495a9","hash":"c467f8bad7b8d68074041a40f902259f69ae8732"}
}
