TN:
SF:src/controllers/dataController.js
FN:10,(anonymous_0)
FN:18,(anonymous_1)
FN:21,(anonymous_2)
FN:22,(anonymous_3)
FN:26,(anonymous_4)
FN:31,(anonymous_5)
FN:37,(anonymous_6)
FN:60,(anonymous_7)
FN:65,(anonymous_8)
FN:68,(anonymous_9)
FN:73,(anonymous_10)
FN:79,(anonymous_11)
FN:102,(anonymous_12)
FN:114,(anonymous_13)
FN:115,(anonymous_14)
FN:119,(anonymous_15)
FN:124,(anonymous_16)
FN:130,(anonymous_17)
FN:133,(anonymous_18)
FN:137,(anonymous_19)
FN:160,(anonymous_20)
FN:171,(anonymous_21)
FN:174,(anonymous_22)
FN:175,(anonymous_23)
FN:178,(anonymous_24)
FN:206,(anonymous_25)
FN:210,(anonymous_26)
FN:218,(anonymous_27)
FN:233,(anonymous_28)
FNF:29
FNH:5
FNDA:1,(anonymous_0)
FNDA:1,(anonymous_1)
FNDA:0,(anonymous_2)
FNDA:0,(anonymous_3)
FNDA:0,(anonymous_4)
FNDA:0,(anonymous_5)
FNDA:0,(anonymous_6)
FNDA:0,(anonymous_7)
FNDA:0,(anonymous_8)
FNDA:0,(anonymous_9)
FNDA:0,(anonymous_10)
FNDA:0,(anonymous_11)
FNDA:0,(anonymous_12)
FNDA:0,(anonymous_13)
FNDA:0,(anonymous_14)
FNDA:0,(anonymous_15)
FNDA:0,(anonymous_16)
FNDA:0,(anonymous_17)
FNDA:0,(anonymous_18)
FNDA:0,(anonymous_19)
FNDA:0,(anonymous_20)
FNDA:0,(anonymous_21)
FNDA:0,(anonymous_22)
FNDA:0,(anonymous_23)
FNDA:0,(anonymous_24)
FNDA:1,(anonymous_25)
FNDA:1,(anonymous_26)
FNDA:0,(anonymous_27)
FNDA:1,(anonymous_28)
DA:1,2
DA:2,2
DA:5,2
DA:10,2
DA:11,1
DA:12,1
DA:14,1
DA:17,1
DA:18,1
DA:20,1
DA:21,0
DA:22,0
DA:25,1
DA:26,0
DA:27,0
DA:30,1
DA:31,0
DA:32,0
DA:37,1
DA:40,1
DA:41,1
DA:43,1
DA:60,2
DA:61,0
DA:62,0
DA:63,0
DA:65,0
DA:67,0
DA:68,0
DA:69,0
DA:72,0
DA:73,0
DA:74,0
DA:79,0
DA:81,0
DA:82,0
DA:84,0
DA:102,2
DA:103,0
DA:104,0
DA:105,0
DA:108,0
DA:109,0
DA:110,0
DA:114,0
DA:115,0
DA:118,0
DA:119,0
DA:120,0
DA:123,0
DA:124,0
DA:125,0
DA:130,0
DA:133,0
DA:137,0
DA:139,0
DA:140,0
DA:142,0
DA:160,2
DA:161,0
DA:163,0
DA:164,0
DA:168,0
DA:170,0
DA:171,0
DA:173,0
DA:174,0
DA:175,0
DA:178,0
DA:179,0
DA:180,0
DA:184,0
DA:197,0
DA:206,2
DA:208,1
DA:210,1
DA:211,1
DA:212,1
DA:213,1
DA:217,1
DA:218,0
DA:220,1
DA:233,2
DA:234,1
DA:238,1
DA:239,0
DA:243,1
DA:251,1
DA:254,1
DA:255,0
DA:258,1
DA:268,2
LF:92
LH:35
BRDA:17,0,0,1
BRDA:17,0,1,0
BRDA:20,1,0,0
BRDA:20,1,1,1
BRDA:25,2,0,0
BRDA:25,2,1,1
BRDA:30,3,0,0
BRDA:30,3,1,1
BRDA:67,4,0,0
BRDA:67,4,1,0
BRDA:72,5,0,0
BRDA:72,5,1,0
BRDA:109,6,0,0
BRDA:109,6,1,0
BRDA:118,7,0,0
BRDA:118,7,1,0
BRDA:123,8,0,0
BRDA:123,8,1,0
BRDA:163,9,0,0
BRDA:163,9,1,0
BRDA:163,10,0,0
BRDA:163,10,1,0
BRDA:163,10,2,0
BRDA:170,11,0,0
BRDA:170,11,1,0
BRDA:173,12,0,0
BRDA:173,12,1,0
BRDA:180,13,0,0
BRDA:180,13,1,0
BRDA:212,14,0,1
BRDA:212,14,1,0
BRDA:212,15,0,1
BRDA:212,15,1,0
BRDA:238,16,0,0
BRDA:238,16,1,1
BRDA:238,17,0,1
BRDA:238,17,1,1
BRDA:238,17,2,0
BRDA:246,18,0,1
BRDA:246,18,1,1
BRDA:254,19,0,0
BRDA:254,19,1,1
BRF:42
BRH:12
end_of_record
TN:
SF:src/controllers/deviceController.js
FN:10,(anonymous_0)
FN:18,(anonymous_1)
FN:21,(anonymous_2)
FN:24,(anonymous_3)
FN:54,(anonymous_4)
FN:91,(anonymous_5)
FN:112,(anonymous_6)
FN:144,(anonymous_7)
FN:168,(anonymous_8)
FN:193,(anonymous_9)
FNF:10
FNH:3
FNDA:2,(anonymous_0)
FNDA:0,(anonymous_1)
FNDA:0,(anonymous_2)
FNDA:0,(anonymous_3)
FNDA:1,(anonymous_4)
FNDA:1,(anonymous_5)
FNDA:0,(anonymous_6)
FNDA:0,(anonymous_7)
FNDA:0,(anonymous_8)
FNDA:0,(anonymous_9)
DA:1,2
DA:2,2
DA:5,2
DA:10,2
DA:11,2
DA:12,2
DA:14,2
DA:17,2
DA:18,0
DA:20,2
DA:21,0
DA:23,2
DA:24,0
DA:25,0
DA:34,2
DA:35,2
DA:37,2
DA:54,2
DA:55,1
DA:56,1
DA:58,1
DA:73,1
DA:75,1
DA:91,2
DA:92,1
DA:93,1
DA:95,1
DA:96,0
DA:100,1
DA:101,1
DA:103,1
DA:112,2
DA:113,0
DA:114,0
DA:116,0
DA:117,0
DA:120,0
DA:126,0
DA:129,0
DA:130,0
DA:132,0
DA:144,2
DA:145,0
DA:146,0
DA:148,0
DA:149,0
DA:152,0
DA:153,0
DA:154,0
DA:156,0
DA:168,2
DA:169,0
DA:170,0
DA:172,0
DA:173,0
DA:176,0
DA:193,2
DA:194,0
DA:196,0
DA:201,0
DA:202,0
DA:204,0
DA:205,0
DA:209,0
DA:212,0
DA:213,0
DA:215,0
DA:216,0
DA:218,0
DA:219,0
DA:221,0
DA:222,0
DA:224,0
DA:225,0
DA:227,0
DA:230,0
DA:231,0
DA:232,0
DA:235,0
DA:237,0
DA:244,0
DA:254,2
LF:82
LH:31
BRDA:17,0,0,0
BRDA:17,0,1,2
BRDA:20,1,0,0
BRDA:20,1,1,2
BRDA:23,2,0,0
BRDA:23,2,1,2
BRDA:25,3,0,0
BRDA:25,3,1,0
BRDA:25,3,2,0
BRDA:25,3,3,0
BRDA:95,4,0,0
BRDA:95,4,1,1
BRDA:116,5,0,0
BRDA:116,5,1,0
BRDA:148,6,0,0
BRDA:148,6,1,0
BRDA:172,7,0,0
BRDA:172,7,1,0
BRDA:183,8,0,0
BRDA:183,8,1,0
BRDA:204,9,0,0
BRDA:204,9,1,0
BRDA:213,10,0,0
BRDA:213,10,1,0
BRDA:213,10,2,0
BRDA:213,10,3,0
BRDA:224,11,0,0
BRDA:224,11,1,0
BRDA:230,12,0,0
BRDA:230,12,1,0
BRF:30
BRH:4
end_of_record
TN:
SF:src/controllers/healthController.js
FN:7,(anonymous_0)
FN:38,(anonymous_1)
FN:80,(anonymous_2)
FNF:3
FNH:2
FNDA:3,(anonymous_0)
FNDA:1,(anonymous_1)
FNDA:0,(anonymous_2)
DA:1,2
DA:2,2
DA:7,2
DA:8,3
DA:17,3
DA:18,0
DA:19,0
DA:20,0
DA:22,0
DA:23,0
DA:27,3
DA:29,3
DA:38,2
DA:40,1
DA:71,1
DA:80,2
DA:81,0
DA:117,0
DA:118,0
DA:119,0
DA:120,0
DA:121,0
DA:123,0
DA:124,0
DA:128,0
DA:134,2
LF:26
LH:12
BRDA:12,0,0,3
BRDA:12,0,1,0
BRDA:13,1,0,3
BRDA:13,1,1,3
BRDA:17,2,0,0
BRDA:17,2,1,3
BRDA:27,3,0,3
BRDA:27,3,1,0
BRDA:87,4,0,0
BRDA:87,4,1,0
BRDA:112,5,0,0
BRDA:112,5,1,0
BRDA:117,6,0,0
BRDA:117,6,1,0
BRF:14
BRH:5
end_of_record
TN:
SF:src/middleware/auth.js
FN:9,(anonymous_0)
FN:96,(anonymous_1)
FN:97,(anonymous_2)
FN:125,(anonymous_3)
FN:136,(anonymous_4)
FNF:5
FNH:3
FNDA:10,(anonymous_0)
FNDA:12,(anonymous_1)
FNDA:2,(anonymous_2)
FNDA:0,(anonymous_3)
FNDA:0,(anonymous_4)
DA:1,2
DA:3,2
DA:4,2
DA:9,2
DA:10,10
DA:12,10
DA:13,10
DA:15,10
DA:16,1
DA:26,9
DA:27,1
DA:30,1
DA:37,1
DA:39,0
DA:50,8
DA:51,8
DA:55,8
DA:56,8
DA:57,8
DA:62,8
DA:64,0
DA:65,0
DA:73,0
DA:83,0
DA:96,2
DA:97,12
DA:98,2
DA:99,0
DA:108,2
DA:109,1
DA:118,1
DA:125,2
DA:126,0
DA:136,2
DA:137,0
DA:139,0
DA:140,0
DA:149,0
DA:150,0
DA:151,0
DA:153,0
DA:161,0
DA:171,2
DA:172,2
DA:173,2
DA:174,2
LF:46
LH:31
BRDA:3,0,0,2
BRDA:3,0,1,2
BRDA:15,1,0,1
BRDA:15,1,1,9
BRDA:15,2,0,10
BRDA:15,2,1,2
BRDA:26,3,0,1
BRDA:26,3,1,8
BRDA:27,4,0,1
BRDA:27,4,1,0
BRDA:50,5,0,8
BRDA:50,5,1,0
BRDA:51,6,0,8
BRDA:51,6,1,0
BRDA:58,7,0,8
BRDA:58,7,1,0
BRDA:59,8,0,8
BRDA:59,8,1,0
BRDA:64,9,0,0
BRDA:64,9,1,0
BRDA:98,10,0,0
BRDA:98,10,1,2
BRDA:108,11,0,1
BRDA:108,11,1,1
BRDA:125,12,0,0
BRDA:125,13,0,0
BRDA:139,14,0,0
BRDA:139,14,1,0
BRF:28
BRH:16
end_of_record
TN:
SF:src/middleware/errorHandler.js
FN:7,(anonymous_0)
FN:20,(anonymous_1)
FN:98,(anonymous_2)
FN:112,(anonymous_3)
FN:113,(anonymous_4)
FNF:5
FNH:2
FNDA:0,(anonymous_0)
FNDA:0,(anonymous_1)
FNDA:0,(anonymous_2)
FNDA:32,(anonymous_3)
FNDA:11,(anonymous_4)
DA:1,2
DA:8,0
DA:9,0
DA:10,0
DA:11,0
DA:12,0
DA:13,0
DA:20,2
DA:21,0
DA:24,0
DA:27,0
DA:28,0
DA:29,0
DA:30,0
DA:33,0
DA:45,0
DA:46,0
DA:47,0
DA:48,0
DA:49,0
DA:50,0
DA:51,0
DA:52,0
DA:53,0
DA:54,0
DA:55,0
DA:56,0
DA:57,0
DA:58,0
DA:59,0
DA:60,0
DA:61,0
DA:62,0
DA:63,0
DA:64,0
DA:65,0
DA:66,0
DA:67,0
DA:68,0
DA:72,0
DA:82,0
DA:83,0
DA:84,0
DA:85,0
DA:86,0
DA:88,0
DA:92,0
DA:98,2
DA:99,0
DA:112,2
DA:113,32
DA:114,11
DA:118,2
DA:119,2
DA:120,2
DA:121,2
LF:56
LH:10
BRDA:7,0,0,0
BRDA:21,1,0,0
BRDA:21,1,1,0
BRDA:27,2,0,0
BRDA:27,2,1,0
BRDA:28,3,0,0
BRDA:28,3,1,0
BRDA:29,4,0,0
BRDA:29,4,1,0
BRDA:30,5,0,0
BRDA:30,5,1,0
BRDA:41,6,0,0
BRDA:41,6,1,0
BRDA:45,7,0,0
BRDA:45,7,1,0
BRDA:49,8,0,0
BRDA:49,8,1,0
BRDA:53,9,0,0
BRDA:53,9,1,0
BRDA:57,10,0,0
BRDA:57,10,1,0
BRDA:61,11,0,0
BRDA:61,11,1,0
BRDA:65,12,0,0
BRDA:65,12,1,0
BRDA:82,13,0,0
BRDA:82,13,1,0
BRDA:86,14,0,0
BRDA:86,14,1,0
BRDA:104,15,0,0
BRDA:104,15,1,0
BRF:31
BRH:0
end_of_record
TN:
SF:src/middleware/rateLimit.js
FN:13,(anonymous_0)
FN:40,(anonymous_1)
FN:86,(anonymous_2)
FNF:3
FNH:2
FNDA:0,(anonymous_0)
FNDA:13,(anonymous_1)
FNDA:1,(anonymous_2)
DA:1,2
DA:4,2
DA:5,2
DA:8,2
DA:9,2
DA:10,0
DA:11,0
DA:12,0
DA:13,0
DA:14,0
DA:17,0
DA:23,2
DA:42,13
DA:49,2
DA:70,2
DA:87,1
DA:94,2
DA:112,2
DA:113,2
DA:114,2
DA:115,2
DA:116,2
LF:22
LH:16
BRDA:9,0,0,0
BRDA:9,0,1,2
BRDA:36,1,0,0
BRDA:36,1,1,2
BRDA:36,2,0,2
BRDA:36,2,1,0
BRDA:42,3,0,13
BRDA:42,3,1,13
BRDA:61,4,0,0
BRDA:61,4,1,2
BRDA:61,5,0,2
BRDA:61,5,1,0
BRDA:82,6,0,0
BRDA:82,6,1,2
BRDA:82,7,0,2
BRDA:82,7,1,0
BRDA:87,8,0,1
BRDA:87,8,1,0
BRDA:106,9,0,0
BRDA:106,9,1,2
BRDA:106,10,0,2
BRDA:106,10,1,0
BRF:22
BRH:12
end_of_record
TN:
SF:src/middleware/validation.js
FN:4,(anonymous_0)
FN:5,(anonymous_1)
FN:12,(anonymous_2)
FN:34,(anonymous_3)
FN:35,(anonymous_4)
FN:46,(anonymous_5)
FN:69,(anonymous_6)
FN:105,(anonymous_7)
FNF:8
FNH:4
FNDA:8,(anonymous_0)
FNDA:2,(anonymous_1)
FNDA:0,(anonymous_2)
FNDA:0,(anonymous_3)
FNDA:0,(anonymous_4)
FNDA:0,(anonymous_5)
FNDA:3,(anonymous_6)
FNDA:1,(anonymous_7)
DA:4,2
DA:5,8
DA:6,2
DA:11,2
DA:12,0
DA:17,0
DA:27,2
DA:34,2
DA:35,0
DA:36,0
DA:38,0
DA:45,0
DA:46,0
DA:47,0
DA:50,0
DA:53,0
DA:54,0
DA:56,0
DA:57,0
DA:59,0
DA:60,0
DA:63,0
DA:69,2
DA:70,3
DA:71,3
DA:73,3
DA:74,0
DA:83,3
DA:84,0
DA:93,3
DA:99,3
DA:105,2
DA:106,1
DA:108,1
DA:109,0
DA:110,0
DA:111,0
DA:119,0
DA:122,1
DA:123,0
DA:124,0
DA:125,0
DA:133,0
DA:136,1
DA:137,0
DA:146,1
DA:149,2
LF:47
LH:20
BRDA:4,0,0,8
BRDA:11,1,0,0
BRDA:11,1,1,2
BRDA:36,2,0,0
BRDA:36,2,1,0
BRDA:45,3,0,0
BRDA:45,3,1,0
BRDA:45,4,0,0
BRDA:45,4,1,0
BRDA:53,5,0,0
BRDA:53,5,1,0
BRDA:56,6,0,0
BRDA:56,6,1,0
BRDA:59,7,0,0
BRDA:59,7,1,0
BRDA:70,8,0,3
BRDA:70,8,1,3
BRDA:71,9,0,3
BRDA:71,9,1,3
BRDA:73,10,0,0
BRDA:73,10,1,3
BRDA:83,11,0,0
BRDA:83,11,1,3
BRDA:83,12,0,3
BRDA:83,12,1,3
BRDA:108,13,0,0
BRDA:108,13,1,1
BRDA:110,14,0,0
BRDA:110,14,1,0
BRDA:122,15,0,0
BRDA:122,15,1,1
BRDA:124,16,0,0
BRDA:124,16,1,0
BRDA:136,17,0,0
BRDA:136,17,1,1
BRDA:136,18,0,1
BRDA:136,18,1,0
BRDA:136,18,2,0
BRF:38
BRH:14
end_of_record
TN:
SF:src/routes/data.js
FNF:0
FNH:0
DA:1,2
DA:2,2
DA:3,2
DA:4,2
DA:5,2
DA:8,2
DA:15,2
DA:27,2
DA:39,2
DA:51,2
DA:62,2
DA:71,2
DA:77,2
LF:13
LH:13
BRF:0
BRH:0
end_of_record
TN:
SF:src/routes/devices.js
FNF:0
FNH:0
DA:1,2
DA:2,2
DA:3,2
DA:4,2
DA:5,2
DA:10,2
DA:17,2
DA:27,2
DA:38,2
DA:47,2
DA:58,2
DA:68,2
DA:77,2
DA:83,2
LF:14
LH:14
BRF:0
BRH:0
end_of_record
TN:
SF:src/routes/health.js
FNF:0
FNH:0
DA:1,2
DA:2,2
DA:3,2
DA:4,2
DA:11,2
DA:18,2
DA:28,2
DA:33,2
LF:8
LH:8
BRF:0
BRH:0
end_of_record
TN:
SF:src/schemas/data.schema.js
FN:36,(anonymous_0)
FNF:1
FNH:1
FNDA:1,(anonymous_0)
DA:1,2
DA:6,2
DA:18,2
DA:34,2
DA:36,1
DA:63,2
LF:6
LH:6
BRF:0
BRH:0
end_of_record
TN:
SF:src/schemas/device.schema.js
FNF:0
FNH:0
DA:1,2
DA:6,2
DA:48,2
DA:77,2
DA:94,2
DA:102,2
LF:6
LH:6
BRF:0
BRH:0
end_of_record
